{"/home/jshen130/Documents/cmu_ms_se/spring16/foundations-of-software-engineering/ssnoc/database.js":{"path":"/home/jshen130/Documents/cmu_ms_se/spring16/foundations-of-software-engineering/ssnoc/database.js","s":{"1":1,"2":1,"3":1,"4":6,"5":1,"6":6,"7":0,"8":6,"9":6,"10":6,"11":6,"12":3,"13":3,"14":3,"15":0,"16":3,"17":2,"18":1,"19":1,"20":1,"21":1,"22":1,"23":1,"24":0,"25":0,"26":0,"27":0,"28":0,"29":0,"30":1,"31":1,"32":1,"33":1,"34":0,"35":1,"36":1,"37":1,"38":1,"39":0,"40":1,"41":0,"42":0,"43":0,"44":0,"45":0,"46":1,"47":1,"48":0,"49":0,"50":1,"51":1,"52":1,"53":0,"54":1,"55":1,"56":1,"57":1,"58":1,"59":1,"60":0,"61":1,"62":1,"63":0,"64":0,"65":0,"66":0,"67":0,"68":1,"69":0,"70":0,"71":0,"72":0,"73":1,"74":1,"75":1,"76":1,"77":0,"78":0,"79":0,"80":2,"81":2,"82":2,"83":0,"84":2,"85":2,"86":2,"87":2,"88":0,"89":2,"90":2,"91":2,"92":2,"93":0,"94":2,"95":2,"96":2,"97":2,"98":0,"99":2,"100":2,"101":2,"102":2,"103":0,"104":2},"b":{"1":[0,6],"2":[0,3],"3":[2,1],"4":[1,1],"5":[0,0],"6":[0,1],"7":[0,1],"8":[0,0],"9":[0,1],"10":[0,1],"11":[0,0],"12":[1,0],"13":[0,2],"14":[0,2],"15":[0,2],"16":[0,2],"17":[0,2]},"f":{"1":6,"2":6,"3":3,"4":3,"5":0,"6":0,"7":1,"8":1,"9":1,"10":1,"11":1,"12":0,"13":0,"14":1,"15":0,"16":1,"17":1,"18":1,"19":1,"20":1,"21":1,"22":0,"23":0,"24":0,"25":1,"26":1,"27":0,"28":0,"29":2,"30":2,"31":2,"32":2,"33":2,"34":2,"35":2,"36":2,"37":2,"38":2},"fnMap":{"1":{"name":"database","line":4,"loc":{"start":{"line":4,"column":0},"end":{"line":4,"column":28}}},"2":{"name":"(anonymous_2)","line":10,"loc":{"start":{"line":10,"column":30},"end":{"line":10,"column":48}}},"3":{"name":"(anonymous_3)","line":40,"loc":{"start":{"line":40,"column":32},"end":{"line":40,"column":66}}},"4":{"name":"(anonymous_4)","line":42,"loc":{"start":{"line":42,"column":23},"end":{"line":42,"column":41}}},"5":{"name":"(anonymous_5)","line":59,"loc":{"start":{"line":59,"column":31},"end":{"line":59,"column":55}}},"6":{"name":"(anonymous_6)","line":61,"loc":{"start":{"line":61,"column":35},"end":{"line":61,"column":53}}},"7":{"name":"(anonymous_7)","line":74,"loc":{"start":{"line":74,"column":29},"end":{"line":74,"column":63}}},"8":{"name":"(anonymous_8)","line":78,"loc":{"start":{"line":78,"column":30},"end":{"line":78,"column":44}}},"9":{"name":"(anonymous_9)","line":80,"loc":{"start":{"line":80,"column":23},"end":{"line":80,"column":43}}},"10":{"name":"(anonymous_10)","line":87,"loc":{"start":{"line":87,"column":33},"end":{"line":87,"column":51}}},"11":{"name":"(anonymous_11)","line":89,"loc":{"start":{"line":89,"column":23},"end":{"line":89,"column":43}}},"12":{"name":"(anonymous_12)","line":98,"loc":{"start":{"line":98,"column":37},"end":{"line":98,"column":65}}},"13":{"name":"(anonymous_13)","line":100,"loc":{"start":{"line":100,"column":23},"end":{"line":100,"column":43}}},"14":{"name":"(anonymous_14)","line":109,"loc":{"start":{"line":109,"column":34},"end":{"line":109,"column":79}}},"15":{"name":"(anonymous_15)","line":115,"loc":{"start":{"line":115,"column":39},"end":{"line":115,"column":50}}},"16":{"name":"(anonymous_16)","line":121,"loc":{"start":{"line":121,"column":32},"end":{"line":121,"column":50}}},"17":{"name":"(anonymous_17)","line":123,"loc":{"start":{"line":123,"column":23},"end":{"line":123,"column":43}}},"18":{"name":"(anonymous_18)","line":131,"loc":{"start":{"line":131,"column":32},"end":{"line":131,"column":77}}},"19":{"name":"(anonymous_19)","line":137,"loc":{"start":{"line":137,"column":31},"end":{"line":137,"column":63}}},"20":{"name":"(anonymous_20)","line":139,"loc":{"start":{"line":139,"column":51},"end":{"line":139,"column":71}}},"21":{"name":"(anonymous_21)","line":148,"loc":{"start":{"line":148,"column":32},"end":{"line":148,"column":81}}},"22":{"name":"(anonymous_22)","line":152,"loc":{"start":{"line":152,"column":31},"end":{"line":152,"column":52}}},"23":{"name":"(anonymous_23)","line":155,"loc":{"start":{"line":155,"column":51},"end":{"line":155,"column":71}}},"24":{"name":"extract","line":159,"loc":{"start":{"line":159,"column":1},"end":{"line":159,"column":21}}},"25":{"name":"(anonymous_25)","line":169,"loc":{"start":{"line":169,"column":31},"end":{"line":169,"column":63}}},"26":{"name":"(anonymous_26)","line":171,"loc":{"start":{"line":171,"column":98},"end":{"line":171,"column":112}}},"27":{"name":"(anonymous_27)","line":181,"loc":{"start":{"line":181,"column":30},"end":{"line":181,"column":56}}},"28":{"name":"(anonymous_28)","line":183,"loc":{"start":{"line":183,"column":96},"end":{"line":183,"column":110}}},"29":{"name":"(anonymous_29)","line":192,"loc":{"start":{"line":192,"column":33},"end":{"line":192,"column":59}}},"30":{"name":"(anonymous_30)","line":194,"loc":{"start":{"line":194,"column":23},"end":{"line":194,"column":43}}},"31":{"name":"(anonymous_31)","line":201,"loc":{"start":{"line":201,"column":34},"end":{"line":201,"column":57}}},"32":{"name":"(anonymous_32)","line":203,"loc":{"start":{"line":203,"column":23},"end":{"line":203,"column":43}}},"33":{"name":"(anonymous_33)","line":210,"loc":{"start":{"line":210,"column":41},"end":{"line":210,"column":66}}},"34":{"name":"(anonymous_34)","line":212,"loc":{"start":{"line":212,"column":23},"end":{"line":212,"column":43}}},"35":{"name":"(anonymous_35)","line":220,"loc":{"start":{"line":220,"column":34},"end":{"line":220,"column":59}}},"36":{"name":"(anonymous_36)","line":222,"loc":{"start":{"line":222,"column":23},"end":{"line":222,"column":43}}},"37":{"name":"(anonymous_37)","line":229,"loc":{"start":{"line":229,"column":35},"end":{"line":229,"column":74}}},"38":{"name":"(anonymous_38)","line":231,"loc":{"start":{"line":231,"column":23},"end":{"line":231,"column":43}}}},"statementMap":{"1":{"start":{"line":1,"column":0},"end":{"line":1,"column":43}},"2":{"start":{"line":2,"column":0},"end":{"line":2,"column":28}},"3":{"start":{"line":4,"column":0},"end":{"line":6,"column":1}},"4":{"start":{"line":5,"column":4},"end":{"line":5,"column":45}},"5":{"start":{"line":10,"column":0},"end":{"line":243,"column":26}},"6":{"start":{"line":11,"column":4},"end":{"line":13,"column":5}},"7":{"start":{"line":12,"column":1},"end":{"line":12,"column":27}},"8":{"start":{"line":15,"column":4},"end":{"line":19,"column":19}},"9":{"start":{"line":21,"column":4},"end":{"line":24,"column":19}},"10":{"start":{"line":26,"column":4},"end":{"line":30,"column":29}},"11":{"start":{"line":33,"column":4},"end":{"line":36,"column":28}},"12":{"start":{"line":41,"column":4},"end":{"line":41,"column":79}},"13":{"start":{"line":42,"column":4},"end":{"line":56,"column":7}},"14":{"start":{"line":43,"column":1},"end":{"line":44,"column":22}},"15":{"start":{"line":44,"column":5},"end":{"line":44,"column":22}},"16":{"start":{"line":45,"column":1},"end":{"line":53,"column":2}},"17":{"start":{"line":46,"column":5},"end":{"line":52,"column":6}},"18":{"start":{"line":47,"column":2},"end":{"line":47,"column":18}},"19":{"start":{"line":48,"column":2},"end":{"line":48,"column":9}},"20":{"start":{"line":50,"column":2},"end":{"line":50,"column":29}},"21":{"start":{"line":51,"column":2},"end":{"line":51,"column":9}},"22":{"start":{"line":54,"column":1},"end":{"line":54,"column":29}},"23":{"start":{"line":55,"column":1},"end":{"line":55,"column":8}},"24":{"start":{"line":60,"column":4},"end":{"line":60,"column":87}},"25":{"start":{"line":61,"column":4},"end":{"line":68,"column":7}},"26":{"start":{"line":62,"column":1},"end":{"line":67,"column":2}},"27":{"start":{"line":63,"column":5},"end":{"line":63,"column":22}},"28":{"start":{"line":65,"column":5},"end":{"line":65,"column":22}},"29":{"start":{"line":66,"column":5},"end":{"line":66,"column":12}},"30":{"start":{"line":75,"column":4},"end":{"line":75,"column":131}},"31":{"start":{"line":79,"column":4},"end":{"line":79,"column":82}},"32":{"start":{"line":80,"column":4},"end":{"line":84,"column":7}},"33":{"start":{"line":81,"column":1},"end":{"line":82,"column":22}},"34":{"start":{"line":82,"column":5},"end":{"line":82,"column":22}},"35":{"start":{"line":83,"column":1},"end":{"line":83,"column":12}},"36":{"start":{"line":88,"column":4},"end":{"line":88,"column":41}},"37":{"start":{"line":89,"column":4},"end":{"line":95,"column":7}},"38":{"start":{"line":91,"column":1},"end":{"line":93,"column":2}},"39":{"start":{"line":92,"column":5},"end":{"line":92,"column":22}},"40":{"start":{"line":94,"column":1},"end":{"line":94,"column":16}},"41":{"start":{"line":99,"column":4},"end":{"line":99,"column":77}},"42":{"start":{"line":100,"column":4},"end":{"line":105,"column":7}},"43":{"start":{"line":101,"column":1},"end":{"line":103,"column":2}},"44":{"start":{"line":102,"column":5},"end":{"line":102,"column":22}},"45":{"start":{"line":104,"column":1},"end":{"line":104,"column":16}},"46":{"start":{"line":110,"column":4},"end":{"line":110,"column":118}},"47":{"start":{"line":111,"column":4},"end":{"line":111,"column":27}},"48":{"start":{"line":116,"column":4},"end":{"line":116,"column":40}},"49":{"start":{"line":117,"column":4},"end":{"line":117,"column":23}},"50":{"start":{"line":122,"column":4},"end":{"line":122,"column":39}},"51":{"start":{"line":123,"column":4},"end":{"line":128,"column":7}},"52":{"start":{"line":124,"column":1},"end":{"line":126,"column":2}},"53":{"start":{"line":125,"column":5},"end":{"line":125,"column":22}},"54":{"start":{"line":127,"column":1},"end":{"line":127,"column":16}},"55":{"start":{"line":132,"column":4},"end":{"line":132,"column":116}},"56":{"start":{"line":133,"column":4},"end":{"line":133,"column":30}},"57":{"start":{"line":138,"column":4},"end":{"line":138,"column":100}},"58":{"start":{"line":139,"column":4},"end":{"line":145,"column":7}},"59":{"start":{"line":141,"column":1},"end":{"line":143,"column":2}},"60":{"start":{"line":142,"column":5},"end":{"line":142,"column":22}},"61":{"start":{"line":144,"column":1},"end":{"line":144,"column":16}},"62":{"start":{"line":149,"column":4},"end":{"line":149,"column":148}},"63":{"start":{"line":153,"column":4},"end":{"line":153,"column":85}},"64":{"start":{"line":154,"column":4},"end":{"line":154,"column":85}},"65":{"start":{"line":155,"column":4},"end":{"line":165,"column":7}},"66":{"start":{"line":156,"column":1},"end":{"line":158,"column":2}},"67":{"start":{"line":157,"column":5},"end":{"line":157,"column":22}},"68":{"start":{"line":159,"column":1},"end":{"line":161,"column":2}},"69":{"start":{"line":160,"column":5},"end":{"line":160,"column":23}},"70":{"start":{"line":162,"column":1},"end":{"line":162,"column":26}},"71":{"start":{"line":163,"column":1},"end":{"line":163,"column":18}},"72":{"start":{"line":164,"column":1},"end":{"line":164,"column":12}},"73":{"start":{"line":171,"column":4},"end":{"line":178,"column":7}},"74":{"start":{"line":172,"column":1},"end":{"line":172,"column":27}},"75":{"start":{"line":173,"column":1},"end":{"line":177,"column":2}},"76":{"start":{"line":174,"column":5},"end":{"line":174,"column":21}},"77":{"start":{"line":176,"column":5},"end":{"line":176,"column":19}},"78":{"start":{"line":183,"column":4},"end":{"line":185,"column":7}},"79":{"start":{"line":184,"column":1},"end":{"line":184,"column":27}},"80":{"start":{"line":193,"column":4},"end":{"line":193,"column":122}},"81":{"start":{"line":194,"column":4},"end":{"line":198,"column":7}},"82":{"start":{"line":195,"column":1},"end":{"line":196,"column":22}},"83":{"start":{"line":196,"column":5},"end":{"line":196,"column":22}},"84":{"start":{"line":197,"column":1},"end":{"line":197,"column":12}},"85":{"start":{"line":202,"column":4},"end":{"line":202,"column":94}},"86":{"start":{"line":203,"column":4},"end":{"line":207,"column":7}},"87":{"start":{"line":204,"column":1},"end":{"line":205,"column":22}},"88":{"start":{"line":205,"column":5},"end":{"line":205,"column":22}},"89":{"start":{"line":206,"column":1},"end":{"line":206,"column":12}},"90":{"start":{"line":211,"column":4},"end":{"line":211,"column":110}},"91":{"start":{"line":212,"column":4},"end":{"line":216,"column":7}},"92":{"start":{"line":213,"column":1},"end":{"line":214,"column":22}},"93":{"start":{"line":214,"column":5},"end":{"line":214,"column":22}},"94":{"start":{"line":215,"column":1},"end":{"line":215,"column":12}},"95":{"start":{"line":221,"column":4},"end":{"line":221,"column":112}},"96":{"start":{"line":222,"column":4},"end":{"line":226,"column":7}},"97":{"start":{"line":223,"column":1},"end":{"line":224,"column":22}},"98":{"start":{"line":224,"column":5},"end":{"line":224,"column":22}},"99":{"start":{"line":225,"column":1},"end":{"line":225,"column":12}},"100":{"start":{"line":230,"column":4},"end":{"line":230,"column":221}},"101":{"start":{"line":231,"column":4},"end":{"line":235,"column":7}},"102":{"start":{"line":232,"column":1},"end":{"line":233,"column":22}},"103":{"start":{"line":233,"column":5},"end":{"line":233,"column":22}},"104":{"start":{"line":234,"column":1},"end":{"line":234,"column":12}}},"branchMap":{"1":{"line":11,"type":"if","locations":[{"start":{"line":11,"column":4},"end":{"line":11,"column":4}},{"start":{"line":11,"column":4},"end":{"line":11,"column":4}}]},"2":{"line":43,"type":"if","locations":[{"start":{"line":43,"column":1},"end":{"line":43,"column":1}},{"start":{"line":43,"column":1},"end":{"line":43,"column":1}}]},"3":{"line":45,"type":"if","locations":[{"start":{"line":45,"column":1},"end":{"line":45,"column":1}},{"start":{"line":45,"column":1},"end":{"line":45,"column":1}}]},"4":{"line":46,"type":"if","locations":[{"start":{"line":46,"column":5},"end":{"line":46,"column":5}},{"start":{"line":46,"column":5},"end":{"line":46,"column":5}}]},"5":{"line":62,"type":"if","locations":[{"start":{"line":62,"column":1},"end":{"line":62,"column":1}},{"start":{"line":62,"column":1},"end":{"line":62,"column":1}}]},"6":{"line":81,"type":"if","locations":[{"start":{"line":81,"column":1},"end":{"line":81,"column":1}},{"start":{"line":81,"column":1},"end":{"line":81,"column":1}}]},"7":{"line":91,"type":"if","locations":[{"start":{"line":91,"column":1},"end":{"line":91,"column":1}},{"start":{"line":91,"column":1},"end":{"line":91,"column":1}}]},"8":{"line":101,"type":"if","locations":[{"start":{"line":101,"column":1},"end":{"line":101,"column":1}},{"start":{"line":101,"column":1},"end":{"line":101,"column":1}}]},"9":{"line":124,"type":"if","locations":[{"start":{"line":124,"column":1},"end":{"line":124,"column":1}},{"start":{"line":124,"column":1},"end":{"line":124,"column":1}}]},"10":{"line":141,"type":"if","locations":[{"start":{"line":141,"column":1},"end":{"line":141,"column":1}},{"start":{"line":141,"column":1},"end":{"line":141,"column":1}}]},"11":{"line":156,"type":"if","locations":[{"start":{"line":156,"column":1},"end":{"line":156,"column":1}},{"start":{"line":156,"column":1},"end":{"line":156,"column":1}}]},"12":{"line":173,"type":"if","locations":[{"start":{"line":173,"column":1},"end":{"line":173,"column":1}},{"start":{"line":173,"column":1},"end":{"line":173,"column":1}}]},"13":{"line":195,"type":"if","locations":[{"start":{"line":195,"column":1},"end":{"line":195,"column":1}},{"start":{"line":195,"column":1},"end":{"line":195,"column":1}}]},"14":{"line":204,"type":"if","locations":[{"start":{"line":204,"column":1},"end":{"line":204,"column":1}},{"start":{"line":204,"column":1},"end":{"line":204,"column":1}}]},"15":{"line":213,"type":"if","locations":[{"start":{"line":213,"column":1},"end":{"line":213,"column":1}},{"start":{"line":213,"column":1},"end":{"line":213,"column":1}}]},"16":{"line":223,"type":"if","locations":[{"start":{"line":223,"column":1},"end":{"line":223,"column":1}},{"start":{"line":223,"column":1},"end":{"line":223,"column":1}}]},"17":{"line":232,"type":"if","locations":[{"start":{"line":232,"column":1},"end":{"line":232,"column":1}},{"start":{"line":232,"column":1},"end":{"line":232,"column":1}}]}}}}