TN:
SF:/home/jshen130/Documents/cmu_ms_se/spring16/foundations-of-software-engineering/ssnoc/database.js
FN:4,database
FN:10,(anonymous_2)
FN:40,(anonymous_3)
FN:42,(anonymous_4)
FN:59,(anonymous_5)
FN:61,(anonymous_6)
FN:74,(anonymous_7)
FN:78,(anonymous_8)
FN:80,(anonymous_9)
FN:87,(anonymous_10)
FN:89,(anonymous_11)
FN:98,(anonymous_12)
FN:100,(anonymous_13)
FN:109,(anonymous_14)
FN:115,(anonymous_15)
FN:121,(anonymous_16)
FN:123,(anonymous_17)
FN:131,(anonymous_18)
FN:137,(anonymous_19)
FN:139,(anonymous_20)
FN:148,(anonymous_21)
FN:152,(anonymous_22)
FN:155,(anonymous_23)
FN:159,extract
FN:169,(anonymous_25)
FN:171,(anonymous_26)
FN:181,(anonymous_27)
FN:183,(anonymous_28)
FN:192,(anonymous_29)
FN:194,(anonymous_30)
FN:201,(anonymous_31)
FN:203,(anonymous_32)
FN:210,(anonymous_33)
FN:212,(anonymous_34)
FN:220,(anonymous_35)
FN:222,(anonymous_36)
FN:229,(anonymous_37)
FN:231,(anonymous_38)
FNF:38
FNH:28
FNDA:6,database
FNDA:6,(anonymous_2)
FNDA:3,(anonymous_3)
FNDA:3,(anonymous_4)
FNDA:0,(anonymous_5)
FNDA:0,(anonymous_6)
FNDA:1,(anonymous_7)
FNDA:1,(anonymous_8)
FNDA:1,(anonymous_9)
FNDA:1,(anonymous_10)
FNDA:1,(anonymous_11)
FNDA:0,(anonymous_12)
FNDA:0,(anonymous_13)
FNDA:1,(anonymous_14)
FNDA:0,(anonymous_15)
FNDA:1,(anonymous_16)
FNDA:1,(anonymous_17)
FNDA:1,(anonymous_18)
FNDA:1,(anonymous_19)
FNDA:1,(anonymous_20)
FNDA:1,(anonymous_21)
FNDA:0,(anonymous_22)
FNDA:0,(anonymous_23)
FNDA:0,extract
FNDA:1,(anonymous_25)
FNDA:1,(anonymous_26)
FNDA:0,(anonymous_27)
FNDA:0,(anonymous_28)
FNDA:2,(anonymous_29)
FNDA:2,(anonymous_30)
FNDA:2,(anonymous_31)
FNDA:2,(anonymous_32)
FNDA:2,(anonymous_33)
FNDA:2,(anonymous_34)
FNDA:2,(anonymous_35)
FNDA:2,(anonymous_36)
FNDA:2,(anonymous_37)
FNDA:2,(anonymous_38)
DA:1,1
DA:2,1
DA:4,1
DA:5,6
DA:10,1
DA:11,6
DA:12,0
DA:15,6
DA:21,6
DA:26,6
DA:33,6
DA:41,3
DA:42,3
DA:43,3
DA:44,0
DA:45,3
DA:46,2
DA:47,1
DA:48,1
DA:50,1
DA:51,1
DA:54,1
DA:55,1
DA:60,0
DA:61,0
DA:62,0
DA:63,0
DA:65,0
DA:66,0
DA:75,1
DA:79,1
DA:80,1
DA:81,1
DA:82,0
DA:83,1
DA:88,1
DA:89,1
DA:91,1
DA:92,0
DA:94,1
DA:99,0
DA:100,0
DA:101,0
DA:102,0
DA:104,0
DA:110,1
DA:111,1
DA:116,0
DA:117,0
DA:122,1
DA:123,1
DA:124,1
DA:125,0
DA:127,1
DA:132,1
DA:133,1
DA:138,1
DA:139,1
DA:141,1
DA:142,0
DA:144,1
DA:149,1
DA:153,0
DA:154,0
DA:155,0
DA:156,0
DA:157,0
DA:159,1
DA:160,0
DA:162,0
DA:163,0
DA:164,0
DA:171,1
DA:172,1
DA:173,1
DA:174,1
DA:176,0
DA:183,0
DA:184,0
DA:193,2
DA:194,2
DA:195,2
DA:196,0
DA:197,2
DA:202,2
DA:203,2
DA:204,2
DA:205,0
DA:206,2
DA:211,2
DA:212,2
DA:213,2
DA:214,0
DA:215,2
DA:221,2
DA:222,2
DA:223,2
DA:224,0
DA:225,2
DA:230,2
DA:231,2
DA:232,2
DA:233,0
DA:234,2
LF:104
LH:68
BRDA:11,1,0,0
BRDA:11,1,1,6
BRDA:43,2,0,0
BRDA:43,2,1,3
BRDA:45,3,0,2
BRDA:45,3,1,1
BRDA:46,4,0,1
BRDA:46,4,1,1
BRDA:62,5,0,0
BRDA:62,5,1,0
BRDA:81,6,0,0
BRDA:81,6,1,1
BRDA:91,7,0,0
BRDA:91,7,1,1
BRDA:101,8,0,0
BRDA:101,8,1,0
BRDA:124,9,0,0
BRDA:124,9,1,1
BRDA:141,10,0,0
BRDA:141,10,1,1
BRDA:156,11,0,0
BRDA:156,11,1,0
BRDA:173,12,0,1
BRDA:173,12,1,0
BRDA:195,13,0,0
BRDA:195,13,1,2
BRDA:204,14,0,0
BRDA:204,14,1,2
BRDA:213,15,0,0
BRDA:213,15,1,2
BRDA:223,16,0,0
BRDA:223,16,1,2
BRDA:232,17,0,0
BRDA:232,17,1,2
BRF:34
BRH:16
end_of_record
