{"/home/jshen130/Documents/cmu_ms_se/spring16/foundations-of-software-engineering/ssnoc/server.js":{"path":"/home/jshen130/Documents/cmu_ms_se/spring16/foundations-of-software-engineering/ssnoc/server.js","s":{"1":1,"2":1,"3":1,"4":1,"5":1,"6":1,"7":1,"8":1,"9":1,"10":1,"11":1,"12":1,"13":1,"14":1,"15":1,"16":1,"17":1,"18":1,"19":1,"20":1,"21":1,"22":1,"23":1,"24":1,"25":1,"26":1,"27":1,"28":1,"29":1,"30":1,"31":1,"32":1,"33":1,"34":0,"35":1},"b":{},"f":{"1":0},"fnMap":{"1":{"name":"(anonymous_1)","line":58,"loc":{"start":{"line":58,"column":18},"end":{"line":58,"column":30}}}},"statementMap":{"1":{"start":{"line":2,"column":0},"end":{"line":2,"column":33}},"2":{"start":{"line":3,"column":0},"end":{"line":3,"column":20}},"3":{"start":{"line":4,"column":0},"end":{"line":4,"column":39}},"4":{"start":{"line":5,"column":0},"end":{"line":5,"column":36}},"5":{"start":{"line":8,"column":0},"end":{"line":8,"column":44}},"6":{"start":{"line":9,"column":0},"end":{"line":9,"column":40}},"7":{"start":{"line":10,"column":0},"end":{"line":10,"column":41}},"8":{"start":{"line":13,"column":0},"end":{"line":13,"column":33}},"9":{"start":{"line":14,"column":0},"end":{"line":14,"column":40}},"10":{"start":{"line":16,"column":0},"end":{"line":16,"column":37}},"11":{"start":{"line":17,"column":0},"end":{"line":17,"column":39}},"12":{"start":{"line":19,"column":0},"end":{"line":19,"column":33}},"13":{"start":{"line":22,"column":0},"end":{"line":22,"column":46}},"14":{"start":{"line":23,"column":0},"end":{"line":23,"column":30}},"15":{"start":{"line":25,"column":0},"end":{"line":25,"column":51}},"16":{"start":{"line":26,"column":0},"end":{"line":26,"column":47}},"17":{"start":{"line":27,"column":0},"end":{"line":27,"column":40}},"18":{"start":{"line":28,"column":0},"end":{"line":28,"column":31}},"19":{"start":{"line":29,"column":0},"end":{"line":29,"column":46}},"20":{"start":{"line":30,"column":0},"end":{"line":30,"column":38}},"21":{"start":{"line":31,"column":0},"end":{"line":31,"column":43}},"22":{"start":{"line":32,"column":0},"end":{"line":32,"column":35}},"23":{"start":{"line":34,"column":0},"end":{"line":34,"column":22}},"24":{"start":{"line":35,"column":0},"end":{"line":35,"column":24}},"25":{"start":{"line":36,"column":0},"end":{"line":36,"column":46}},"26":{"start":{"line":39,"column":0},"end":{"line":39,"column":31}},"27":{"start":{"line":40,"column":0},"end":{"line":40,"column":47}},"28":{"start":{"line":41,"column":0},"end":{"line":41,"column":46}},"29":{"start":{"line":44,"column":0},"end":{"line":44,"column":40}},"30":{"start":{"line":45,"column":0},"end":{"line":45,"column":31}},"31":{"start":{"line":46,"column":0},"end":{"line":46,"column":29}},"32":{"start":{"line":57,"column":0},"end":{"line":57,"column":16}},"33":{"start":{"line":58,"column":0},"end":{"line":60,"column":3}},"34":{"start":{"line":59,"column":4},"end":{"line":59,"column":53}},"35":{"start":{"line":62,"column":0},"end":{"line":62,"column":21}}},"branchMap":{}},"/home/jshen130/Documents/cmu_ms_se/spring16/foundations-of-software-engineering/ssnoc/routes.js":{"path":"/home/jshen130/Documents/cmu_ms_se/spring16/foundations-of-software-engineering/ssnoc/routes.js","s":{"1":1,"2":1,"3":1,"4":1,"5":1,"6":1,"7":0,"8":0,"9":0,"10":1,"11":0,"12":0,"13":0,"14":0,"15":0,"16":0,"17":1,"18":0,"19":0,"20":0,"21":1,"22":0,"23":0,"24":0,"25":0,"26":0,"27":1,"28":0,"29":0,"30":1,"31":0,"32":0,"33":0,"34":0,"35":0,"36":1,"37":0,"38":0,"39":0,"40":0,"41":0,"42":0,"43":0,"44":1,"45":0,"46":0,"47":0,"48":0,"49":0,"50":0,"51":1,"52":0,"53":0,"54":0,"55":0,"56":0,"57":1,"58":0,"59":0,"60":1,"61":0,"62":0,"63":1,"64":1,"65":0,"66":0,"67":0,"68":1,"69":1,"70":0,"71":0,"72":0,"73":1,"74":0,"75":1,"76":0,"77":0,"78":0,"79":0,"80":0,"81":0,"82":0,"83":1,"84":0,"85":0,"86":1,"87":0,"88":0,"89":0,"90":0,"91":1,"92":0,"93":0,"94":0,"95":0,"96":0,"97":0,"98":0,"99":1,"100":0,"101":0,"102":0,"103":0,"104":0,"105":0,"106":1,"107":0,"108":0,"109":0,"110":0,"111":1,"112":0,"113":0,"114":0,"115":0,"116":0,"117":0,"118":0,"119":0,"120":0,"121":0,"122":0,"123":1,"124":0,"125":0,"126":0,"127":0,"128":0,"129":0,"130":0,"131":0,"132":0,"133":0,"134":0,"135":0,"136":0,"137":0,"138":0,"139":0,"140":0,"141":1,"142":0,"143":0,"144":0,"145":1,"146":0,"147":0,"148":0,"149":0,"150":0,"151":0,"152":0,"153":1,"154":0,"155":0,"156":0,"157":1,"158":0,"159":0,"160":0,"161":0,"162":0,"163":0,"164":1,"165":0,"166":0,"167":1,"168":0,"169":1,"170":1,"171":0,"172":0,"173":0,"174":0,"175":0,"176":0,"177":0,"178":0,"179":0,"180":0,"181":0,"182":1,"183":0,"184":0,"185":0,"186":0,"187":1,"188":0,"189":0,"190":0,"191":0,"192":0,"193":0,"194":0,"195":0,"196":0,"197":0,"198":1,"199":0,"200":0,"201":0,"202":0,"203":0,"204":0,"205":0,"206":1,"207":0,"208":0,"209":0,"210":0,"211":0,"212":0,"213":0,"214":0,"215":0,"216":0,"217":0,"218":0,"219":0,"220":0,"221":0,"222":0,"223":0,"224":0,"225":0,"226":0,"227":0,"228":0,"229":0,"230":1,"231":0,"232":0,"233":0,"234":0},"b":{"1":[0,0],"2":[0,0],"3":[0,0],"4":[0,0],"5":[0,0],"6":[0,0],"7":[0,0],"8":[0,0],"9":[0,0],"10":[0,0],"11":[0,0],"12":[0,0],"13":[0,0],"14":[0,0],"15":[0,0],"16":[0,0],"17":[0,0],"18":[0,0],"19":[0,0],"20":[0,0],"21":[0,0],"22":[0,0],"23":[0,0],"24":[0,0],"25":[0,0],"26":[0,0],"27":[0,0],"28":[0,0],"29":[0,0],"30":[0,0],"31":[0,0],"32":[0,0],"33":[0,0],"34":[0,0],"35":[0,0],"36":[0,0],"37":[0,0],"38":[0,0],"39":[0,0],"40":[0,0,0],"41":[0,0],"42":[0,0],"43":[0,0],"44":[0,0],"45":[0,0],"46":[0,0],"47":[0,0]},"f":{"1":1,"2":0,"3":0,"4":0,"5":0,"6":0,"7":0,"8":0,"9":0,"10":0,"11":0,"12":0,"13":0,"14":0,"15":0,"16":0,"17":0,"18":0,"19":0,"20":0,"21":0,"22":0,"23":0,"24":0,"25":0,"26":0,"27":0,"28":0,"29":0,"30":0,"31":0,"32":0,"33":0,"34":0,"35":0,"36":0,"37":0,"38":0,"39":0,"40":0,"41":0,"42":0},"fnMap":{"1":{"name":"(anonymous_1)","line":1,"loc":{"start":{"line":1,"column":17},"end":{"line":1,"column":43}}},"2":{"name":"(anonymous_2)","line":10,"loc":{"start":{"line":10,"column":17},"end":{"line":10,"column":36}}},"3":{"name":"(anonymous_3)","line":18,"loc":{"start":{"line":18,"column":22},"end":{"line":18,"column":41}}},"4":{"name":"(anonymous_4)","line":30,"loc":{"start":{"line":30,"column":22},"end":{"line":30,"column":41}}},"5":{"name":"callback","line":34,"loc":{"start":{"line":34,"column":5},"end":{"line":34,"column":31}}},"6":{"name":"(anonymous_6)","line":45,"loc":{"start":{"line":45,"column":26},"end":{"line":45,"column":45}}},"7":{"name":"callback","line":49,"loc":{"start":{"line":49,"column":6},"end":{"line":49,"column":32}}},"8":{"name":"(anonymous_8)","line":60,"loc":{"start":{"line":60,"column":21},"end":{"line":60,"column":40}}},"9":{"name":"(anonymous_9)","line":64,"loc":{"start":{"line":64,"column":24},"end":{"line":64,"column":37}}},"10":{"name":"(anonymous_10)","line":73,"loc":{"start":{"line":73,"column":24},"end":{"line":73,"column":41}}},"11":{"name":"(anonymous_11)","line":84,"loc":{"start":{"line":84,"column":23},"end":{"line":84,"column":40}}},"12":{"name":"(anonymous_12)","line":95,"loc":{"start":{"line":95,"column":33},"end":{"line":95,"column":50}}},"13":{"name":"(anonymous_13)","line":103,"loc":{"start":{"line":103,"column":33},"end":{"line":103,"column":50}}},"14":{"name":"(anonymous_14)","line":110,"loc":{"start":{"line":110,"column":29},"end":{"line":110,"column":46}}},"15":{"name":"callback","line":112,"loc":{"start":{"line":112,"column":5},"end":{"line":112,"column":30}}},"16":{"name":"(anonymous_16)","line":119,"loc":{"start":{"line":119,"column":28},"end":{"line":119,"column":45}}},"17":{"name":"callback","line":120,"loc":{"start":{"line":120,"column":5},"end":{"line":120,"column":30}}},"18":{"name":"(anonymous_18)","line":127,"loc":{"start":{"line":127,"column":33},"end":{"line":127,"column":43}}},"19":{"name":"(anonymous_19)","line":132,"loc":{"start":{"line":132,"column":28},"end":{"line":132,"column":47}}},"20":{"name":"(anonymous_20)","line":136,"loc":{"start":{"line":136,"column":64},"end":{"line":136,"column":77}}},"21":{"name":"(anonymous_21)","line":146,"loc":{"start":{"line":146,"column":29},"end":{"line":146,"column":48}}},"22":{"name":"callback","line":150,"loc":{"start":{"line":150,"column":3},"end":{"line":150,"column":28}}},"23":{"name":"(anonymous_23)","line":161,"loc":{"start":{"line":161,"column":25},"end":{"line":161,"column":44}}},"24":{"name":"(anonymous_24)","line":165,"loc":{"start":{"line":165,"column":20},"end":{"line":165,"column":33}}},"25":{"name":"(anonymous_25)","line":174,"loc":{"start":{"line":174,"column":23},"end":{"line":174,"column":42}}},"26":{"name":"(anonymous_26)","line":187,"loc":{"start":{"line":187,"column":23},"end":{"line":187,"column":42}}},"27":{"name":"(anonymous_27)","line":196,"loc":{"start":{"line":196,"column":23},"end":{"line":196,"column":42}}},"28":{"name":"callback","line":212,"loc":{"start":{"line":212,"column":1},"end":{"line":212,"column":27}}},"29":{"name":"(anonymous_29)","line":225,"loc":{"start":{"line":225,"column":35},"end":{"line":225,"column":50}}},"30":{"name":"(anonymous_30)","line":242,"loc":{"start":{"line":242,"column":24},"end":{"line":242,"column":43}}},"31":{"name":"callback","line":247,"loc":{"start":{"line":247,"column":1},"end":{"line":247,"column":27}}},"32":{"name":"(anonymous_32)","line":263,"loc":{"start":{"line":263,"column":23},"end":{"line":263,"column":42}}},"33":{"name":"callback","line":267,"loc":{"start":{"line":267,"column":6},"end":{"line":267,"column":32}}},"34":{"name":"(anonymous_34)","line":279,"loc":{"start":{"line":279,"column":24},"end":{"line":279,"column":43}}},"35":{"name":"nonStop","line":283,"loc":{"start":{"line":283,"column":5},"end":{"line":283,"column":28}}},"36":{"name":"error","line":287,"loc":{"start":{"line":287,"column":1},"end":{"line":287,"column":21}}},"37":{"name":"errorcall","line":288,"loc":{"start":{"line":288,"column":5},"end":{"line":288,"column":32}}},"38":{"name":"noempty","line":304,"loc":{"start":{"line":304,"column":5},"end":{"line":304,"column":25}}},"39":{"name":"usercall","line":311,"loc":{"start":{"line":311,"column":2},"end":{"line":311,"column":28}}},"40":{"name":"statuscall","line":328,"loc":{"start":{"line":328,"column":2},"end":{"line":328,"column":30}}},"41":{"name":"msgcall","line":340,"loc":{"start":{"line":340,"column":5},"end":{"line":340,"column":30}}},"42":{"name":"(anonymous_42)","line":385,"loc":{"start":{"line":385,"column":20},"end":{"line":385,"column":31}}}},"statementMap":{"1":{"start":{"line":1,"column":0},"end":{"line":392,"column":2}},"2":{"start":{"line":3,"column":4},"end":{"line":3,"column":23}},"3":{"start":{"line":4,"column":4},"end":{"line":4,"column":31}},"4":{"start":{"line":5,"column":4},"end":{"line":5,"column":33}},"5":{"start":{"line":7,"column":4},"end":{"line":7,"column":37}},"6":{"start":{"line":10,"column":4},"end":{"line":15,"column":7}},"7":{"start":{"line":11,"column":1},"end":{"line":14,"column":28}},"8":{"start":{"line":12,"column":5},"end":{"line":12,"column":28}},"9":{"start":{"line":14,"column":5},"end":{"line":14,"column":28}},"10":{"start":{"line":18,"column":4},"end":{"line":27,"column":7}},"11":{"start":{"line":19,"column":4},"end":{"line":26,"column":2}},"12":{"start":{"line":20,"column":5},"end":{"line":20,"column":24}},"13":{"start":{"line":21,"column":6},"end":{"line":26,"column":2}},"14":{"start":{"line":22,"column":5},"end":{"line":22,"column":28}},"15":{"start":{"line":24,"column":5},"end":{"line":24,"column":32}},"16":{"start":{"line":25,"column":5},"end":{"line":25,"column":25}},"17":{"start":{"line":30,"column":4},"end":{"line":42,"column":7}},"18":{"start":{"line":31,"column":4},"end":{"line":41,"column":25}},"19":{"start":{"line":32,"column":5},"end":{"line":32,"column":24}},"20":{"start":{"line":33,"column":6},"end":{"line":41,"column":25}},"21":{"start":{"line":34,"column":5},"end":{"line":38,"column":6}},"22":{"start":{"line":35,"column":2},"end":{"line":35,"column":27}},"23":{"start":{"line":36,"column":2},"end":{"line":36,"column":29}},"24":{"start":{"line":37,"column":2},"end":{"line":37,"column":22}},"25":{"start":{"line":39,"column":5},"end":{"line":39,"column":27}},"26":{"start":{"line":41,"column":5},"end":{"line":41,"column":25}},"27":{"start":{"line":45,"column":4},"end":{"line":57,"column":7}},"28":{"start":{"line":46,"column":2},"end":{"line":56,"column":3}},"29":{"start":{"line":47,"column":6},"end":{"line":47,"column":25}},"30":{"start":{"line":49,"column":6},"end":{"line":53,"column":7}},"31":{"start":{"line":50,"column":3},"end":{"line":50,"column":28}},"32":{"start":{"line":51,"column":3},"end":{"line":51,"column":30}},"33":{"start":{"line":52,"column":3},"end":{"line":52,"column":20}},"34":{"start":{"line":54,"column":6},"end":{"line":54,"column":28}},"35":{"start":{"line":55,"column":3},"end":{"line":55,"column":21}},"36":{"start":{"line":60,"column":4},"end":{"line":70,"column":7}},"37":{"start":{"line":61,"column":5},"end":{"line":69,"column":26}},"38":{"start":{"line":62,"column":6},"end":{"line":62,"column":25}},"39":{"start":{"line":63,"column":10},"end":{"line":69,"column":26}},"40":{"start":{"line":64,"column":9},"end":{"line":67,"column":8}},"41":{"start":{"line":65,"column":5},"end":{"line":65,"column":31}},"42":{"start":{"line":66,"column":4},"end":{"line":66,"column":38}},"43":{"start":{"line":69,"column":6},"end":{"line":69,"column":26}},"44":{"start":{"line":73,"column":4},"end":{"line":82,"column":7}},"45":{"start":{"line":74,"column":5},"end":{"line":81,"column":26}},"46":{"start":{"line":75,"column":6},"end":{"line":75,"column":25}},"47":{"start":{"line":76,"column":7},"end":{"line":81,"column":26}},"48":{"start":{"line":77,"column":5},"end":{"line":77,"column":45}},"49":{"start":{"line":78,"column":4},"end":{"line":78,"column":30}},"50":{"start":{"line":81,"column":6},"end":{"line":81,"column":26}},"51":{"start":{"line":84,"column":4},"end":{"line":92,"column":7}},"52":{"start":{"line":85,"column":5},"end":{"line":85,"column":25}},"53":{"start":{"line":86,"column":5},"end":{"line":86,"column":46}},"54":{"start":{"line":87,"column":5},"end":{"line":90,"column":30}},"55":{"start":{"line":88,"column":6},"end":{"line":88,"column":29}},"56":{"start":{"line":90,"column":6},"end":{"line":90,"column":30}},"57":{"start":{"line":95,"column":4},"end":{"line":101,"column":7}},"58":{"start":{"line":97,"column":5},"end":{"line":97,"column":33}},"59":{"start":{"line":99,"column":5},"end":{"line":99,"column":64}},"60":{"start":{"line":103,"column":5},"end":{"line":108,"column":7}},"61":{"start":{"line":105,"column":5},"end":{"line":105,"column":34}},"62":{"start":{"line":106,"column":5},"end":{"line":106,"column":63}},"63":{"start":{"line":110,"column":4},"end":{"line":117,"column":7}},"64":{"start":{"line":112,"column":5},"end":{"line":115,"column":6}},"65":{"start":{"line":113,"column":6},"end":{"line":114,"column":39}},"66":{"start":{"line":114,"column":7},"end":{"line":114,"column":39}},"67":{"start":{"line":116,"column":6},"end":{"line":116,"column":93}},"68":{"start":{"line":119,"column":4},"end":{"line":125,"column":7}},"69":{"start":{"line":120,"column":5},"end":{"line":123,"column":6}},"70":{"start":{"line":121,"column":6},"end":{"line":122,"column":39}},"71":{"start":{"line":122,"column":7},"end":{"line":122,"column":39}},"72":{"start":{"line":124,"column":6},"end":{"line":124,"column":35}},"73":{"start":{"line":127,"column":4},"end":{"line":129,"column":7}},"74":{"start":{"line":128,"column":5},"end":{"line":128,"column":32}},"75":{"start":{"line":132,"column":4},"end":{"line":142,"column":7}},"76":{"start":{"line":133,"column":5},"end":{"line":141,"column":26}},"77":{"start":{"line":134,"column":6},"end":{"line":134,"column":25}},"78":{"start":{"line":135,"column":7},"end":{"line":141,"column":26}},"79":{"start":{"line":136,"column":6},"end":{"line":139,"column":9}},"80":{"start":{"line":137,"column":7},"end":{"line":137,"column":40}},"81":{"start":{"line":138,"column":4},"end":{"line":138,"column":77}},"82":{"start":{"line":141,"column":6},"end":{"line":141,"column":26}},"83":{"start":{"line":146,"column":4},"end":{"line":157,"column":7}},"84":{"start":{"line":147,"column":5},"end":{"line":156,"column":3}},"85":{"start":{"line":148,"column":6},"end":{"line":148,"column":25}},"86":{"start":{"line":150,"column":3},"end":{"line":154,"column":4}},"87":{"start":{"line":151,"column":3},"end":{"line":151,"column":28}},"88":{"start":{"line":152,"column":3},"end":{"line":152,"column":41}},"89":{"start":{"line":153,"column":3},"end":{"line":153,"column":20}},"90":{"start":{"line":155,"column":6},"end":{"line":155,"column":30}},"91":{"start":{"line":161,"column":4},"end":{"line":171,"column":7}},"92":{"start":{"line":162,"column":5},"end":{"line":170,"column":26}},"93":{"start":{"line":163,"column":6},"end":{"line":163,"column":25}},"94":{"start":{"line":164,"column":7},"end":{"line":170,"column":26}},"95":{"start":{"line":165,"column":6},"end":{"line":168,"column":9}},"96":{"start":{"line":166,"column":3},"end":{"line":166,"column":42}},"97":{"start":{"line":167,"column":3},"end":{"line":167,"column":41}},"98":{"start":{"line":170,"column":6},"end":{"line":170,"column":26}},"99":{"start":{"line":174,"column":4},"end":{"line":183,"column":7}},"100":{"start":{"line":175,"column":5},"end":{"line":182,"column":3}},"101":{"start":{"line":176,"column":6},"end":{"line":176,"column":25}},"102":{"start":{"line":177,"column":7},"end":{"line":182,"column":3}},"103":{"start":{"line":178,"column":6},"end":{"line":178,"column":34}},"104":{"start":{"line":179,"column":6},"end":{"line":179,"column":27}},"105":{"start":{"line":181,"column":6},"end":{"line":181,"column":26}},"106":{"start":{"line":187,"column":4},"end":{"line":192,"column":7}},"107":{"start":{"line":188,"column":1},"end":{"line":188,"column":51}},"108":{"start":{"line":189,"column":1},"end":{"line":189,"column":29}},"109":{"start":{"line":190,"column":1},"end":{"line":190,"column":23}},"110":{"start":{"line":191,"column":1},"end":{"line":191,"column":19}},"111":{"start":{"line":196,"column":4},"end":{"line":239,"column":7}},"112":{"start":{"line":197,"column":5},"end":{"line":238,"column":2}},"113":{"start":{"line":198,"column":6},"end":{"line":198,"column":25}},"114":{"start":{"line":200,"column":1},"end":{"line":200,"column":34}},"115":{"start":{"line":201,"column":1},"end":{"line":201,"column":34}},"116":{"start":{"line":202,"column":1},"end":{"line":202,"column":36}},"117":{"start":{"line":203,"column":1},"end":{"line":209,"column":2}},"118":{"start":{"line":204,"column":5},"end":{"line":204,"column":31}},"119":{"start":{"line":205,"column":5},"end":{"line":205,"column":44}},"120":{"start":{"line":206,"column":5},"end":{"line":206,"column":32}},"121":{"start":{"line":207,"column":5},"end":{"line":207,"column":25}},"122":{"start":{"line":208,"column":5},"end":{"line":208,"column":12}},"123":{"start":{"line":212,"column":1},"end":{"line":236,"column":2}},"124":{"start":{"line":213,"column":5},"end":{"line":234,"column":6}},"125":{"start":{"line":214,"column":2},"end":{"line":214,"column":52}},"126":{"start":{"line":215,"column":2},"end":{"line":215,"column":52}},"127":{"start":{"line":216,"column":2},"end":{"line":216,"column":25}},"128":{"start":{"line":217,"column":12},"end":{"line":234,"column":6}},"129":{"start":{"line":218,"column":2},"end":{"line":218,"column":28}},"130":{"start":{"line":219,"column":2},"end":{"line":219,"column":62}},"131":{"start":{"line":220,"column":2},"end":{"line":220,"column":29}},"132":{"start":{"line":221,"column":2},"end":{"line":221,"column":22}},"133":{"start":{"line":223,"column":12},"end":{"line":234,"column":6}},"134":{"start":{"line":224,"column":6},"end":{"line":232,"column":72}},"135":{"start":{"line":225,"column":4},"end":{"line":229,"column":7}},"136":{"start":{"line":226,"column":7},"end":{"line":226,"column":57}},"137":{"start":{"line":227,"column":7},"end":{"line":227,"column":61}},"138":{"start":{"line":228,"column":7},"end":{"line":228,"column":30}},"139":{"start":{"line":232,"column":7},"end":{"line":232,"column":72}},"140":{"start":{"line":237,"column":1},"end":{"line":237,"column":45}},"141":{"start":{"line":242,"column":4},"end":{"line":259,"column":7}},"142":{"start":{"line":243,"column":5},"end":{"line":258,"column":2}},"143":{"start":{"line":244,"column":6},"end":{"line":244,"column":25}},"144":{"start":{"line":246,"column":1},"end":{"line":246,"column":30}},"145":{"start":{"line":247,"column":1},"end":{"line":256,"column":2}},"146":{"start":{"line":248,"column":5},"end":{"line":255,"column":6}},"147":{"start":{"line":249,"column":2},"end":{"line":249,"column":61}},"148":{"start":{"line":250,"column":2},"end":{"line":250,"column":25}},"149":{"start":{"line":252,"column":2},"end":{"line":252,"column":28}},"150":{"start":{"line":253,"column":2},"end":{"line":253,"column":31}},"151":{"start":{"line":254,"column":2},"end":{"line":254,"column":23}},"152":{"start":{"line":257,"column":1},"end":{"line":257,"column":57}},"153":{"start":{"line":263,"column":4},"end":{"line":276,"column":7}},"154":{"start":{"line":264,"column":5},"end":{"line":275,"column":23}},"155":{"start":{"line":265,"column":6},"end":{"line":265,"column":25}},"156":{"start":{"line":266,"column":7},"end":{"line":275,"column":23}},"157":{"start":{"line":267,"column":6},"end":{"line":272,"column":7}},"158":{"start":{"line":268,"column":3},"end":{"line":268,"column":31}},"159":{"start":{"line":269,"column":3},"end":{"line":269,"column":28}},"160":{"start":{"line":270,"column":3},"end":{"line":270,"column":46}},"161":{"start":{"line":271,"column":3},"end":{"line":271,"column":24}},"162":{"start":{"line":273,"column":6},"end":{"line":273,"column":28}},"163":{"start":{"line":275,"column":5},"end":{"line":275,"column":23}},"164":{"start":{"line":279,"column":4},"end":{"line":382,"column":3}},"165":{"start":{"line":280,"column":5},"end":{"line":381,"column":1}},"166":{"start":{"line":281,"column":6},"end":{"line":281,"column":25}},"167":{"start":{"line":283,"column":5},"end":{"line":285,"column":6}},"168":{"start":{"line":284,"column":2},"end":{"line":284,"column":105}},"169":{"start":{"line":287,"column":1},"end":{"line":297,"column":2}},"170":{"start":{"line":288,"column":5},"end":{"line":295,"column":6}},"171":{"start":{"line":289,"column":2},"end":{"line":289,"column":30}},"172":{"start":{"line":290,"column":2},"end":{"line":290,"column":27}},"173":{"start":{"line":291,"column":2},"end":{"line":291,"column":45}},"174":{"start":{"line":292,"column":2},"end":{"line":292,"column":28}},"175":{"start":{"line":293,"column":2},"end":{"line":293,"column":27}},"176":{"start":{"line":294,"column":2},"end":{"line":294,"column":23}},"177":{"start":{"line":296,"column":5},"end":{"line":296,"column":28}},"178":{"start":{"line":299,"column":1},"end":{"line":299,"column":23}},"179":{"start":{"line":300,"column":1},"end":{"line":300,"column":30}},"180":{"start":{"line":302,"column":1},"end":{"line":380,"column":2}},"181":{"start":{"line":303,"column":5},"end":{"line":303,"column":36}},"182":{"start":{"line":304,"column":5},"end":{"line":306,"column":6}},"183":{"start":{"line":305,"column":2},"end":{"line":305,"column":17}},"184":{"start":{"line":307,"column":5},"end":{"line":307,"column":69}},"185":{"start":{"line":308,"column":5},"end":{"line":321,"column":6}},"186":{"start":{"line":309,"column":2},"end":{"line":309,"column":33}},"187":{"start":{"line":311,"column":2},"end":{"line":319,"column":3}},"188":{"start":{"line":312,"column":6},"end":{"line":318,"column":7}},"189":{"start":{"line":313,"column":3},"end":{"line":313,"column":32}},"190":{"start":{"line":314,"column":3},"end":{"line":314,"column":27}},"191":{"start":{"line":315,"column":3},"end":{"line":315,"column":24}},"192":{"start":{"line":317,"column":3},"end":{"line":317,"column":36}},"193":{"start":{"line":320,"column":2},"end":{"line":320,"column":34}},"194":{"start":{"line":323,"column":8},"end":{"line":380,"column":2}},"195":{"start":{"line":324,"column":5},"end":{"line":324,"column":39}},"196":{"start":{"line":325,"column":5},"end":{"line":338,"column":6}},"197":{"start":{"line":326,"column":2},"end":{"line":326,"column":35}},"198":{"start":{"line":328,"column":2},"end":{"line":336,"column":3}},"199":{"start":{"line":329,"column":6},"end":{"line":335,"column":7}},"200":{"start":{"line":330,"column":3},"end":{"line":330,"column":32}},"201":{"start":{"line":331,"column":3},"end":{"line":331,"column":28}},"202":{"start":{"line":332,"column":3},"end":{"line":332,"column":24}},"203":{"start":{"line":334,"column":3},"end":{"line":334,"column":39}},"204":{"start":{"line":337,"column":2},"end":{"line":337,"column":45}},"205":{"start":{"line":339,"column":8},"end":{"line":380,"column":2}},"206":{"start":{"line":340,"column":5},"end":{"line":348,"column":6}},"207":{"start":{"line":341,"column":2},"end":{"line":347,"column":3}},"208":{"start":{"line":342,"column":6},"end":{"line":342,"column":35}},"209":{"start":{"line":343,"column":6},"end":{"line":343,"column":29}},"210":{"start":{"line":344,"column":6},"end":{"line":344,"column":27}},"211":{"start":{"line":346,"column":6},"end":{"line":346,"column":47}},"212":{"start":{"line":350,"column":5},"end":{"line":376,"column":6}},"213":{"start":{"line":351,"column":2},"end":{"line":351,"column":64}},"214":{"start":{"line":352,"column":2},"end":{"line":357,"column":3}},"215":{"start":{"line":353,"column":6},"end":{"line":353,"column":74}},"216":{"start":{"line":355,"column":6},"end":{"line":355,"column":59}},"217":{"start":{"line":356,"column":6},"end":{"line":356,"column":48}},"218":{"start":{"line":359,"column":12},"end":{"line":376,"column":6}},"219":{"start":{"line":360,"column":2},"end":{"line":360,"column":64}},"220":{"start":{"line":361,"column":2},"end":{"line":366,"column":3}},"221":{"start":{"line":362,"column":6},"end":{"line":362,"column":74}},"222":{"start":{"line":364,"column":6},"end":{"line":364,"column":61}},"223":{"start":{"line":365,"column":6},"end":{"line":365,"column":41}},"224":{"start":{"line":369,"column":2},"end":{"line":369,"column":57}},"225":{"start":{"line":370,"column":2},"end":{"line":375,"column":3}},"226":{"start":{"line":371,"column":6},"end":{"line":371,"column":77}},"227":{"start":{"line":373,"column":6},"end":{"line":373,"column":55}},"228":{"start":{"line":374,"column":6},"end":{"line":374,"column":77}},"229":{"start":{"line":379,"column":5},"end":{"line":379,"column":40}},"230":{"start":{"line":385,"column":1},"end":{"line":390,"column":3}},"231":{"start":{"line":386,"column":2},"end":{"line":386,"column":31}},"232":{"start":{"line":387,"column":2},"end":{"line":387,"column":42}},"233":{"start":{"line":388,"column":2},"end":{"line":388,"column":42}},"234":{"start":{"line":389,"column":2},"end":{"line":389,"column":44}}},"branchMap":{"1":{"line":11,"type":"if","locations":[{"start":{"line":11,"column":1},"end":{"line":11,"column":1}},{"start":{"line":11,"column":1},"end":{"line":11,"column":1}}]},"2":{"line":19,"type":"if","locations":[{"start":{"line":19,"column":4},"end":{"line":19,"column":4}},{"start":{"line":19,"column":4},"end":{"line":19,"column":4}}]},"3":{"line":21,"type":"if","locations":[{"start":{"line":21,"column":6},"end":{"line":21,"column":6}},{"start":{"line":21,"column":6},"end":{"line":21,"column":6}}]},"4":{"line":31,"type":"if","locations":[{"start":{"line":31,"column":4},"end":{"line":31,"column":4}},{"start":{"line":31,"column":4},"end":{"line":31,"column":4}}]},"5":{"line":33,"type":"if","locations":[{"start":{"line":33,"column":6},"end":{"line":33,"column":6}},{"start":{"line":33,"column":6},"end":{"line":33,"column":6}}]},"6":{"line":46,"type":"if","locations":[{"start":{"line":46,"column":2},"end":{"line":46,"column":2}},{"start":{"line":46,"column":2},"end":{"line":46,"column":2}}]},"7":{"line":61,"type":"if","locations":[{"start":{"line":61,"column":5},"end":{"line":61,"column":5}},{"start":{"line":61,"column":5},"end":{"line":61,"column":5}}]},"8":{"line":63,"type":"if","locations":[{"start":{"line":63,"column":10},"end":{"line":63,"column":10}},{"start":{"line":63,"column":10},"end":{"line":63,"column":10}}]},"9":{"line":74,"type":"if","locations":[{"start":{"line":74,"column":5},"end":{"line":74,"column":5}},{"start":{"line":74,"column":5},"end":{"line":74,"column":5}}]},"10":{"line":76,"type":"if","locations":[{"start":{"line":76,"column":7},"end":{"line":76,"column":7}},{"start":{"line":76,"column":7},"end":{"line":76,"column":7}}]},"11":{"line":87,"type":"if","locations":[{"start":{"line":87,"column":5},"end":{"line":87,"column":5}},{"start":{"line":87,"column":5},"end":{"line":87,"column":5}}]},"12":{"line":113,"type":"if","locations":[{"start":{"line":113,"column":6},"end":{"line":113,"column":6}},{"start":{"line":113,"column":6},"end":{"line":113,"column":6}}]},"13":{"line":121,"type":"if","locations":[{"start":{"line":121,"column":6},"end":{"line":121,"column":6}},{"start":{"line":121,"column":6},"end":{"line":121,"column":6}}]},"14":{"line":133,"type":"if","locations":[{"start":{"line":133,"column":5},"end":{"line":133,"column":5}},{"start":{"line":133,"column":5},"end":{"line":133,"column":5}}]},"15":{"line":135,"type":"if","locations":[{"start":{"line":135,"column":7},"end":{"line":135,"column":7}},{"start":{"line":135,"column":7},"end":{"line":135,"column":7}}]},"16":{"line":147,"type":"if","locations":[{"start":{"line":147,"column":5},"end":{"line":147,"column":5}},{"start":{"line":147,"column":5},"end":{"line":147,"column":5}}]},"17":{"line":162,"type":"if","locations":[{"start":{"line":162,"column":5},"end":{"line":162,"column":5}},{"start":{"line":162,"column":5},"end":{"line":162,"column":5}}]},"18":{"line":164,"type":"if","locations":[{"start":{"line":164,"column":7},"end":{"line":164,"column":7}},{"start":{"line":164,"column":7},"end":{"line":164,"column":7}}]},"19":{"line":175,"type":"if","locations":[{"start":{"line":175,"column":5},"end":{"line":175,"column":5}},{"start":{"line":175,"column":5},"end":{"line":175,"column":5}}]},"20":{"line":177,"type":"if","locations":[{"start":{"line":177,"column":7},"end":{"line":177,"column":7}},{"start":{"line":177,"column":7},"end":{"line":177,"column":7}}]},"21":{"line":197,"type":"if","locations":[{"start":{"line":197,"column":5},"end":{"line":197,"column":5}},{"start":{"line":197,"column":5},"end":{"line":197,"column":5}}]},"22":{"line":203,"type":"if","locations":[{"start":{"line":203,"column":1},"end":{"line":203,"column":1}},{"start":{"line":203,"column":1},"end":{"line":203,"column":1}}]},"23":{"line":213,"type":"if","locations":[{"start":{"line":213,"column":5},"end":{"line":213,"column":5}},{"start":{"line":213,"column":5},"end":{"line":213,"column":5}}]},"24":{"line":217,"type":"if","locations":[{"start":{"line":217,"column":12},"end":{"line":217,"column":12}},{"start":{"line":217,"column":12},"end":{"line":217,"column":12}}]},"25":{"line":223,"type":"if","locations":[{"start":{"line":223,"column":12},"end":{"line":223,"column":12}},{"start":{"line":223,"column":12},"end":{"line":223,"column":12}}]},"26":{"line":224,"type":"if","locations":[{"start":{"line":224,"column":6},"end":{"line":224,"column":6}},{"start":{"line":224,"column":6},"end":{"line":224,"column":6}}]},"27":{"line":243,"type":"if","locations":[{"start":{"line":243,"column":5},"end":{"line":243,"column":5}},{"start":{"line":243,"column":5},"end":{"line":243,"column":5}}]},"28":{"line":248,"type":"if","locations":[{"start":{"line":248,"column":5},"end":{"line":248,"column":5}},{"start":{"line":248,"column":5},"end":{"line":248,"column":5}}]},"29":{"line":264,"type":"if","locations":[{"start":{"line":264,"column":5},"end":{"line":264,"column":5}},{"start":{"line":264,"column":5},"end":{"line":264,"column":5}}]},"30":{"line":266,"type":"if","locations":[{"start":{"line":266,"column":7},"end":{"line":266,"column":7}},{"start":{"line":266,"column":7},"end":{"line":266,"column":7}}]},"31":{"line":280,"type":"if","locations":[{"start":{"line":280,"column":5},"end":{"line":280,"column":5}},{"start":{"line":280,"column":5},"end":{"line":280,"column":5}}]},"32":{"line":284,"type":"binary-expr","locations":[{"start":{"line":284,"column":9},"end":{"line":284,"column":90}},{"start":{"line":284,"column":94},"end":{"line":284,"column":104}}]},"33":{"line":302,"type":"if","locations":[{"start":{"line":302,"column":1},"end":{"line":302,"column":1}},{"start":{"line":302,"column":1},"end":{"line":302,"column":1}}]},"34":{"line":308,"type":"if","locations":[{"start":{"line":308,"column":5},"end":{"line":308,"column":5}},{"start":{"line":308,"column":5},"end":{"line":308,"column":5}}]},"35":{"line":312,"type":"if","locations":[{"start":{"line":312,"column":6},"end":{"line":312,"column":6}},{"start":{"line":312,"column":6},"end":{"line":312,"column":6}}]},"36":{"line":323,"type":"if","locations":[{"start":{"line":323,"column":8},"end":{"line":323,"column":8}},{"start":{"line":323,"column":8},"end":{"line":323,"column":8}}]},"37":{"line":325,"type":"if","locations":[{"start":{"line":325,"column":5},"end":{"line":325,"column":5}},{"start":{"line":325,"column":5},"end":{"line":325,"column":5}}]},"38":{"line":329,"type":"if","locations":[{"start":{"line":329,"column":6},"end":{"line":329,"column":6}},{"start":{"line":329,"column":6},"end":{"line":329,"column":6}}]},"39":{"line":339,"type":"if","locations":[{"start":{"line":339,"column":8},"end":{"line":339,"column":8}},{"start":{"line":339,"column":8},"end":{"line":339,"column":8}}]},"40":{"line":339,"type":"binary-expr","locations":[{"start":{"line":339,"column":12},"end":{"line":339,"column":37}},{"start":{"line":339,"column":41},"end":{"line":339,"column":59}},{"start":{"line":339,"column":63},"end":{"line":339,"column":82}}]},"41":{"line":341,"type":"if","locations":[{"start":{"line":341,"column":2},"end":{"line":341,"column":2}},{"start":{"line":341,"column":2},"end":{"line":341,"column":2}}]},"42":{"line":350,"type":"if","locations":[{"start":{"line":350,"column":5},"end":{"line":350,"column":5}},{"start":{"line":350,"column":5},"end":{"line":350,"column":5}}]},"43":{"line":352,"type":"if","locations":[{"start":{"line":352,"column":2},"end":{"line":352,"column":2}},{"start":{"line":352,"column":2},"end":{"line":352,"column":2}}]},"44":{"line":359,"type":"if","locations":[{"start":{"line":359,"column":12},"end":{"line":359,"column":12}},{"start":{"line":359,"column":12},"end":{"line":359,"column":12}}]},"45":{"line":361,"type":"if","locations":[{"start":{"line":361,"column":2},"end":{"line":361,"column":2}},{"start":{"line":361,"column":2},"end":{"line":361,"column":2}}]},"46":{"line":370,"type":"if","locations":[{"start":{"line":370,"column":2},"end":{"line":370,"column":2}},{"start":{"line":370,"column":2},"end":{"line":370,"column":2}}]},"47":{"line":370,"type":"binary-expr","locations":[{"start":{"line":370,"column":6},"end":{"line":370,"column":15}},{"start":{"line":370,"column":19},"end":{"line":370,"column":35}}]}}},"/home/jshen130/Documents/cmu_ms_se/spring16/foundations-of-software-engineering/ssnoc/database.js":{"path":"/home/jshen130/Documents/cmu_ms_se/spring16/foundations-of-software-engineering/ssnoc/database.js","s":{"1":1,"2":1,"3":1,"4":2,"5":1,"6":3,"7":0,"8":3,"9":3,"10":3,"11":3,"12":0,"13":0,"14":0,"15":0,"16":0,"17":0,"18":0,"19":0,"20":0,"21":0,"22":0,"23":0,"24":0,"25":0,"26":0,"27":0,"28":0,"29":0,"30":0,"31":0,"32":0,"33":0,"34":0,"35":0,"36":0,"37":0,"38":0,"39":0,"40":0,"41":0,"42":0,"43":0,"44":0,"45":0,"46":0,"47":0,"48":0,"49":0,"50":0,"51":0,"52":0,"53":0,"54":0,"55":0,"56":0,"57":0,"58":0,"59":0,"60":0,"61":0,"62":0,"63":0,"64":0,"65":0,"66":0,"67":0,"68":1,"69":0,"70":0,"71":0,"72":0,"73":0,"74":0,"75":0,"76":0,"77":0,"78":0,"79":0,"80":0,"81":0,"82":0,"83":0,"84":0,"85":0,"86":0,"87":0,"88":0,"89":0,"90":0,"91":0,"92":0,"93":0,"94":0,"95":0,"96":0,"97":0,"98":0,"99":0,"100":0,"101":0,"102":0,"103":0,"104":0},"b":{"1":[0,3],"2":[0,0],"3":[0,0],"4":[0,0],"5":[0,0],"6":[0,0],"7":[0,0],"8":[0,0],"9":[0,0],"10":[0,0],"11":[0,0],"12":[0,0],"13":[0,0],"14":[0,0],"15":[0,0],"16":[0,0],"17":[0,0]},"f":{"1":2,"2":3,"3":0,"4":0,"5":0,"6":0,"7":0,"8":0,"9":0,"10":0,"11":0,"12":0,"13":0,"14":0,"15":0,"16":0,"17":0,"18":0,"19":0,"20":0,"21":0,"22":0,"23":0,"24":0,"25":0,"26":0,"27":0,"28":0,"29":0,"30":0,"31":0,"32":0,"33":0,"34":0,"35":0,"36":0,"37":0,"38":0},"fnMap":{"1":{"name":"database","line":4,"loc":{"start":{"line":4,"column":0},"end":{"line":4,"column":28}}},"2":{"name":"(anonymous_2)","line":10,"loc":{"start":{"line":10,"column":30},"end":{"line":10,"column":48}}},"3":{"name":"(anonymous_3)","line":40,"loc":{"start":{"line":40,"column":32},"end":{"line":40,"column":66}}},"4":{"name":"(anonymous_4)","line":42,"loc":{"start":{"line":42,"column":23},"end":{"line":42,"column":41}}},"5":{"name":"(anonymous_5)","line":59,"loc":{"start":{"line":59,"column":31},"end":{"line":59,"column":55}}},"6":{"name":"(anonymous_6)","line":61,"loc":{"start":{"line":61,"column":35},"end":{"line":61,"column":53}}},"7":{"name":"(anonymous_7)","line":74,"loc":{"start":{"line":74,"column":29},"end":{"line":74,"column":63}}},"8":{"name":"(anonymous_8)","line":78,"loc":{"start":{"line":78,"column":30},"end":{"line":78,"column":44}}},"9":{"name":"(anonymous_9)","line":80,"loc":{"start":{"line":80,"column":23},"end":{"line":80,"column":43}}},"10":{"name":"(anonymous_10)","line":87,"loc":{"start":{"line":87,"column":33},"end":{"line":87,"column":51}}},"11":{"name":"(anonymous_11)","line":89,"loc":{"start":{"line":89,"column":23},"end":{"line":89,"column":43}}},"12":{"name":"(anonymous_12)","line":98,"loc":{"start":{"line":98,"column":37},"end":{"line":98,"column":65}}},"13":{"name":"(anonymous_13)","line":100,"loc":{"start":{"line":100,"column":23},"end":{"line":100,"column":43}}},"14":{"name":"(anonymous_14)","line":109,"loc":{"start":{"line":109,"column":34},"end":{"line":109,"column":79}}},"15":{"name":"(anonymous_15)","line":115,"loc":{"start":{"line":115,"column":39},"end":{"line":115,"column":50}}},"16":{"name":"(anonymous_16)","line":121,"loc":{"start":{"line":121,"column":32},"end":{"line":121,"column":50}}},"17":{"name":"(anonymous_17)","line":123,"loc":{"start":{"line":123,"column":23},"end":{"line":123,"column":43}}},"18":{"name":"(anonymous_18)","line":131,"loc":{"start":{"line":131,"column":32},"end":{"line":131,"column":77}}},"19":{"name":"(anonymous_19)","line":137,"loc":{"start":{"line":137,"column":31},"end":{"line":137,"column":63}}},"20":{"name":"(anonymous_20)","line":139,"loc":{"start":{"line":139,"column":51},"end":{"line":139,"column":71}}},"21":{"name":"(anonymous_21)","line":148,"loc":{"start":{"line":148,"column":32},"end":{"line":148,"column":81}}},"22":{"name":"(anonymous_22)","line":152,"loc":{"start":{"line":152,"column":31},"end":{"line":152,"column":52}}},"23":{"name":"(anonymous_23)","line":155,"loc":{"start":{"line":155,"column":51},"end":{"line":155,"column":71}}},"24":{"name":"extract","line":159,"loc":{"start":{"line":159,"column":1},"end":{"line":159,"column":21}}},"25":{"name":"(anonymous_25)","line":169,"loc":{"start":{"line":169,"column":31},"end":{"line":169,"column":63}}},"26":{"name":"(anonymous_26)","line":171,"loc":{"start":{"line":171,"column":98},"end":{"line":171,"column":112}}},"27":{"name":"(anonymous_27)","line":181,"loc":{"start":{"line":181,"column":30},"end":{"line":181,"column":56}}},"28":{"name":"(anonymous_28)","line":183,"loc":{"start":{"line":183,"column":96},"end":{"line":183,"column":110}}},"29":{"name":"(anonymous_29)","line":192,"loc":{"start":{"line":192,"column":33},"end":{"line":192,"column":59}}},"30":{"name":"(anonymous_30)","line":194,"loc":{"start":{"line":194,"column":23},"end":{"line":194,"column":43}}},"31":{"name":"(anonymous_31)","line":201,"loc":{"start":{"line":201,"column":34},"end":{"line":201,"column":57}}},"32":{"name":"(anonymous_32)","line":203,"loc":{"start":{"line":203,"column":23},"end":{"line":203,"column":43}}},"33":{"name":"(anonymous_33)","line":210,"loc":{"start":{"line":210,"column":41},"end":{"line":210,"column":66}}},"34":{"name":"(anonymous_34)","line":212,"loc":{"start":{"line":212,"column":23},"end":{"line":212,"column":43}}},"35":{"name":"(anonymous_35)","line":220,"loc":{"start":{"line":220,"column":34},"end":{"line":220,"column":59}}},"36":{"name":"(anonymous_36)","line":222,"loc":{"start":{"line":222,"column":23},"end":{"line":222,"column":43}}},"37":{"name":"(anonymous_37)","line":229,"loc":{"start":{"line":229,"column":35},"end":{"line":229,"column":74}}},"38":{"name":"(anonymous_38)","line":231,"loc":{"start":{"line":231,"column":23},"end":{"line":231,"column":43}}}},"statementMap":{"1":{"start":{"line":1,"column":0},"end":{"line":1,"column":43}},"2":{"start":{"line":2,"column":0},"end":{"line":2,"column":28}},"3":{"start":{"line":4,"column":0},"end":{"line":6,"column":1}},"4":{"start":{"line":5,"column":4},"end":{"line":5,"column":45}},"5":{"start":{"line":10,"column":0},"end":{"line":243,"column":26}},"6":{"start":{"line":11,"column":4},"end":{"line":13,"column":5}},"7":{"start":{"line":12,"column":1},"end":{"line":12,"column":27}},"8":{"start":{"line":15,"column":4},"end":{"line":19,"column":19}},"9":{"start":{"line":21,"column":4},"end":{"line":24,"column":19}},"10":{"start":{"line":26,"column":4},"end":{"line":30,"column":29}},"11":{"start":{"line":33,"column":4},"end":{"line":36,"column":28}},"12":{"start":{"line":41,"column":4},"end":{"line":41,"column":79}},"13":{"start":{"line":42,"column":4},"end":{"line":56,"column":7}},"14":{"start":{"line":43,"column":1},"end":{"line":44,"column":22}},"15":{"start":{"line":44,"column":5},"end":{"line":44,"column":22}},"16":{"start":{"line":45,"column":1},"end":{"line":53,"column":2}},"17":{"start":{"line":46,"column":5},"end":{"line":52,"column":6}},"18":{"start":{"line":47,"column":2},"end":{"line":47,"column":18}},"19":{"start":{"line":48,"column":2},"end":{"line":48,"column":9}},"20":{"start":{"line":50,"column":2},"end":{"line":50,"column":29}},"21":{"start":{"line":51,"column":2},"end":{"line":51,"column":9}},"22":{"start":{"line":54,"column":1},"end":{"line":54,"column":29}},"23":{"start":{"line":55,"column":1},"end":{"line":55,"column":8}},"24":{"start":{"line":60,"column":4},"end":{"line":60,"column":87}},"25":{"start":{"line":61,"column":4},"end":{"line":68,"column":7}},"26":{"start":{"line":62,"column":1},"end":{"line":67,"column":2}},"27":{"start":{"line":63,"column":5},"end":{"line":63,"column":22}},"28":{"start":{"line":65,"column":5},"end":{"line":65,"column":22}},"29":{"start":{"line":66,"column":5},"end":{"line":66,"column":12}},"30":{"start":{"line":75,"column":4},"end":{"line":75,"column":131}},"31":{"start":{"line":79,"column":4},"end":{"line":79,"column":82}},"32":{"start":{"line":80,"column":4},"end":{"line":84,"column":7}},"33":{"start":{"line":81,"column":1},"end":{"line":82,"column":22}},"34":{"start":{"line":82,"column":5},"end":{"line":82,"column":22}},"35":{"start":{"line":83,"column":1},"end":{"line":83,"column":12}},"36":{"start":{"line":88,"column":4},"end":{"line":88,"column":41}},"37":{"start":{"line":89,"column":4},"end":{"line":95,"column":7}},"38":{"start":{"line":91,"column":1},"end":{"line":93,"column":2}},"39":{"start":{"line":92,"column":5},"end":{"line":92,"column":22}},"40":{"start":{"line":94,"column":1},"end":{"line":94,"column":16}},"41":{"start":{"line":99,"column":4},"end":{"line":99,"column":77}},"42":{"start":{"line":100,"column":4},"end":{"line":105,"column":7}},"43":{"start":{"line":101,"column":1},"end":{"line":103,"column":2}},"44":{"start":{"line":102,"column":5},"end":{"line":102,"column":22}},"45":{"start":{"line":104,"column":1},"end":{"line":104,"column":16}},"46":{"start":{"line":110,"column":4},"end":{"line":110,"column":118}},"47":{"start":{"line":111,"column":4},"end":{"line":111,"column":27}},"48":{"start":{"line":116,"column":4},"end":{"line":116,"column":40}},"49":{"start":{"line":117,"column":4},"end":{"line":117,"column":23}},"50":{"start":{"line":122,"column":4},"end":{"line":122,"column":39}},"51":{"start":{"line":123,"column":4},"end":{"line":128,"column":7}},"52":{"start":{"line":124,"column":1},"end":{"line":126,"column":2}},"53":{"start":{"line":125,"column":5},"end":{"line":125,"column":22}},"54":{"start":{"line":127,"column":1},"end":{"line":127,"column":16}},"55":{"start":{"line":132,"column":4},"end":{"line":132,"column":116}},"56":{"start":{"line":133,"column":4},"end":{"line":133,"column":30}},"57":{"start":{"line":138,"column":4},"end":{"line":138,"column":100}},"58":{"start":{"line":139,"column":4},"end":{"line":145,"column":7}},"59":{"start":{"line":141,"column":1},"end":{"line":143,"column":2}},"60":{"start":{"line":142,"column":5},"end":{"line":142,"column":22}},"61":{"start":{"line":144,"column":1},"end":{"line":144,"column":16}},"62":{"start":{"line":149,"column":4},"end":{"line":149,"column":148}},"63":{"start":{"line":153,"column":4},"end":{"line":153,"column":85}},"64":{"start":{"line":154,"column":4},"end":{"line":154,"column":85}},"65":{"start":{"line":155,"column":4},"end":{"line":165,"column":7}},"66":{"start":{"line":156,"column":1},"end":{"line":158,"column":2}},"67":{"start":{"line":157,"column":5},"end":{"line":157,"column":22}},"68":{"start":{"line":159,"column":1},"end":{"line":161,"column":2}},"69":{"start":{"line":160,"column":5},"end":{"line":160,"column":23}},"70":{"start":{"line":162,"column":1},"end":{"line":162,"column":26}},"71":{"start":{"line":163,"column":1},"end":{"line":163,"column":18}},"72":{"start":{"line":164,"column":1},"end":{"line":164,"column":12}},"73":{"start":{"line":171,"column":4},"end":{"line":178,"column":7}},"74":{"start":{"line":172,"column":1},"end":{"line":172,"column":27}},"75":{"start":{"line":173,"column":1},"end":{"line":177,"column":2}},"76":{"start":{"line":174,"column":5},"end":{"line":174,"column":21}},"77":{"start":{"line":176,"column":5},"end":{"line":176,"column":19}},"78":{"start":{"line":183,"column":4},"end":{"line":185,"column":7}},"79":{"start":{"line":184,"column":1},"end":{"line":184,"column":27}},"80":{"start":{"line":193,"column":4},"end":{"line":193,"column":122}},"81":{"start":{"line":194,"column":4},"end":{"line":198,"column":7}},"82":{"start":{"line":195,"column":1},"end":{"line":196,"column":22}},"83":{"start":{"line":196,"column":5},"end":{"line":196,"column":22}},"84":{"start":{"line":197,"column":1},"end":{"line":197,"column":12}},"85":{"start":{"line":202,"column":4},"end":{"line":202,"column":94}},"86":{"start":{"line":203,"column":4},"end":{"line":207,"column":7}},"87":{"start":{"line":204,"column":1},"end":{"line":205,"column":22}},"88":{"start":{"line":205,"column":5},"end":{"line":205,"column":22}},"89":{"start":{"line":206,"column":1},"end":{"line":206,"column":12}},"90":{"start":{"line":211,"column":4},"end":{"line":211,"column":110}},"91":{"start":{"line":212,"column":4},"end":{"line":216,"column":7}},"92":{"start":{"line":213,"column":1},"end":{"line":214,"column":22}},"93":{"start":{"line":214,"column":5},"end":{"line":214,"column":22}},"94":{"start":{"line":215,"column":1},"end":{"line":215,"column":12}},"95":{"start":{"line":221,"column":4},"end":{"line":221,"column":112}},"96":{"start":{"line":222,"column":4},"end":{"line":226,"column":7}},"97":{"start":{"line":223,"column":1},"end":{"line":224,"column":22}},"98":{"start":{"line":224,"column":5},"end":{"line":224,"column":22}},"99":{"start":{"line":225,"column":1},"end":{"line":225,"column":12}},"100":{"start":{"line":230,"column":4},"end":{"line":230,"column":221}},"101":{"start":{"line":231,"column":4},"end":{"line":235,"column":7}},"102":{"start":{"line":232,"column":1},"end":{"line":233,"column":22}},"103":{"start":{"line":233,"column":5},"end":{"line":233,"column":22}},"104":{"start":{"line":234,"column":1},"end":{"line":234,"column":12}}},"branchMap":{"1":{"line":11,"type":"if","locations":[{"start":{"line":11,"column":4},"end":{"line":11,"column":4}},{"start":{"line":11,"column":4},"end":{"line":11,"column":4}}]},"2":{"line":43,"type":"if","locations":[{"start":{"line":43,"column":1},"end":{"line":43,"column":1}},{"start":{"line":43,"column":1},"end":{"line":43,"column":1}}]},"3":{"line":45,"type":"if","locations":[{"start":{"line":45,"column":1},"end":{"line":45,"column":1}},{"start":{"line":45,"column":1},"end":{"line":45,"column":1}}]},"4":{"line":46,"type":"if","locations":[{"start":{"line":46,"column":5},"end":{"line":46,"column":5}},{"start":{"line":46,"column":5},"end":{"line":46,"column":5}}]},"5":{"line":62,"type":"if","locations":[{"start":{"line":62,"column":1},"end":{"line":62,"column":1}},{"start":{"line":62,"column":1},"end":{"line":62,"column":1}}]},"6":{"line":81,"type":"if","locations":[{"start":{"line":81,"column":1},"end":{"line":81,"column":1}},{"start":{"line":81,"column":1},"end":{"line":81,"column":1}}]},"7":{"line":91,"type":"if","locations":[{"start":{"line":91,"column":1},"end":{"line":91,"column":1}},{"start":{"line":91,"column":1},"end":{"line":91,"column":1}}]},"8":{"line":101,"type":"if","locations":[{"start":{"line":101,"column":1},"end":{"line":101,"column":1}},{"start":{"line":101,"column":1},"end":{"line":101,"column":1}}]},"9":{"line":124,"type":"if","locations":[{"start":{"line":124,"column":1},"end":{"line":124,"column":1}},{"start":{"line":124,"column":1},"end":{"line":124,"column":1}}]},"10":{"line":141,"type":"if","locations":[{"start":{"line":141,"column":1},"end":{"line":141,"column":1}},{"start":{"line":141,"column":1},"end":{"line":141,"column":1}}]},"11":{"line":156,"type":"if","locations":[{"start":{"line":156,"column":1},"end":{"line":156,"column":1}},{"start":{"line":156,"column":1},"end":{"line":156,"column":1}}]},"12":{"line":173,"type":"if","locations":[{"start":{"line":173,"column":1},"end":{"line":173,"column":1}},{"start":{"line":173,"column":1},"end":{"line":173,"column":1}}]},"13":{"line":195,"type":"if","locations":[{"start":{"line":195,"column":1},"end":{"line":195,"column":1}},{"start":{"line":195,"column":1},"end":{"line":195,"column":1}}]},"14":{"line":204,"type":"if","locations":[{"start":{"line":204,"column":1},"end":{"line":204,"column":1}},{"start":{"line":204,"column":1},"end":{"line":204,"column":1}}]},"15":{"line":213,"type":"if","locations":[{"start":{"line":213,"column":1},"end":{"line":213,"column":1}},{"start":{"line":213,"column":1},"end":{"line":213,"column":1}}]},"16":{"line":223,"type":"if","locations":[{"start":{"line":223,"column":1},"end":{"line":223,"column":1}},{"start":{"line":223,"column":1},"end":{"line":223,"column":1}}]},"17":{"line":232,"type":"if","locations":[{"start":{"line":232,"column":1},"end":{"line":232,"column":1}},{"start":{"line":232,"column":1},"end":{"line":232,"column":1}}]}}},"/home/jshen130/Documents/cmu_ms_se/spring16/foundations-of-software-engineering/ssnoc/models/database.js":{"path":"/home/jshen130/Documents/cmu_ms_se/spring16/foundations-of-software-engineering/ssnoc/models/database.js","s":{"1":1,"2":1,"3":1,"4":1,"5":1,"6":0,"7":0,"8":0,"9":0,"10":0,"11":0,"12":0,"13":1},"b":{"1":[0,0]},"f":{"1":1,"2":0},"fnMap":{"1":{"name":"database","line":4,"loc":{"start":{"line":4,"column":0},"end":{"line":4,"column":20}}},"2":{"name":"(anonymous_2)","line":9,"loc":{"start":{"line":9,"column":30},"end":{"line":9,"column":40}}}},"statementMap":{"1":{"start":{"line":1,"column":0},"end":{"line":1,"column":43}},"2":{"start":{"line":2,"column":0},"end":{"line":2,"column":23}},"3":{"start":{"line":4,"column":0},"end":{"line":6,"column":1}},"4":{"start":{"line":5,"column":4},"end":{"line":5,"column":50}},"5":{"start":{"line":9,"column":0},"end":{"line":35,"column":1}},"6":{"start":{"line":10,"column":1},"end":{"line":13,"column":3}},"7":{"start":{"line":11,"column":3},"end":{"line":11,"column":36}},"8":{"start":{"line":12,"column":3},"end":{"line":12,"column":34}},"9":{"start":{"line":15,"column":3},"end":{"line":18,"column":27}},"10":{"start":{"line":20,"column":6},"end":{"line":23,"column":27}},"11":{"start":{"line":25,"column":6},"end":{"line":29,"column":36}},"12":{"start":{"line":31,"column":6},"end":{"line":34,"column":36}},"13":{"start":{"line":37,"column":0},"end":{"line":37,"column":26}}},"branchMap":{"1":{"line":10,"type":"if","locations":[{"start":{"line":10,"column":1},"end":{"line":10,"column":1}},{"start":{"line":10,"column":1},"end":{"line":10,"column":1}}]}}},"/home/jshen130/Documents/cmu_ms_se/spring16/foundations-of-software-engineering/ssnoc/models/announce.js":{"path":"/home/jshen130/Documents/cmu_ms_se/spring16/foundations-of-software-engineering/ssnoc/models/announce.js","s":{"1":1,"2":1,"3":1,"4":1,"5":1,"6":0,"7":0,"8":0,"9":0,"10":0,"11":1,"12":0,"13":0,"14":1},"b":{"1":[0,0]},"f":{"1":1,"2":0,"3":0,"4":0},"fnMap":{"1":{"name":"Annoucement","line":3,"loc":{"start":{"line":3,"column":0},"end":{"line":3,"column":29}}},"2":{"name":"(anonymous_2)","line":11,"loc":{"start":{"line":11,"column":35},"end":{"line":11,"column":53}}},"3":{"name":"(anonymous_3)","line":13,"loc":{"start":{"line":13,"column":30},"end":{"line":13,"column":50}}},"4":{"name":"(anonymous_4)","line":22,"loc":{"start":{"line":22,"column":35},"end":{"line":22,"column":80}}}},"statementMap":{"1":{"start":{"line":1,"column":0},"end":{"line":1,"column":36}},"2":{"start":{"line":3,"column":0},"end":{"line":5,"column":1}},"3":{"start":{"line":4,"column":1},"end":{"line":4,"column":26}},"4":{"start":{"line":8,"column":0},"end":{"line":8,"column":47}},"5":{"start":{"line":11,"column":0},"end":{"line":19,"column":2}},"6":{"start":{"line":12,"column":1},"end":{"line":12,"column":36}},"7":{"start":{"line":13,"column":1},"end":{"line":18,"column":8}},"8":{"start":{"line":14,"column":9},"end":{"line":16,"column":10}},"9":{"start":{"line":15,"column":6},"end":{"line":15,"column":23}},"10":{"start":{"line":17,"column":9},"end":{"line":17,"column":24}},"11":{"start":{"line":22,"column":0},"end":{"line":25,"column":2}},"12":{"start":{"line":23,"column":4},"end":{"line":23,"column":126}},"13":{"start":{"line":24,"column":5},"end":{"line":24,"column":31}},"14":{"start":{"line":27,"column":0},"end":{"line":27,"column":29}}},"branchMap":{"1":{"line":14,"type":"if","locations":[{"start":{"line":14,"column":9},"end":{"line":14,"column":9}},{"start":{"line":14,"column":9},"end":{"line":14,"column":9}}]}}},"/home/jshen130/Documents/cmu_ms_se/spring16/foundations-of-software-engineering/ssnoc/models/status.js":{"path":"/home/jshen130/Documents/cmu_ms_se/spring16/foundations-of-software-engineering/ssnoc/models/status.js","s":{"1":1,"2":1,"3":1,"4":1,"5":0},"b":{},"f":{"1":1,"2":0},"fnMap":{"1":{"name":"Status","line":2,"loc":{"start":{"line":2,"column":0},"end":{"line":2,"column":24}}},"2":{"name":"(anonymous_2)","line":9,"loc":{"start":{"line":9,"column":29},"end":{"line":9,"column":61}}}},"statementMap":{"1":{"start":{"line":2,"column":0},"end":{"line":4,"column":1}},"2":{"start":{"line":3,"column":1},"end":{"line":3,"column":26}},"3":{"start":{"line":6,"column":0},"end":{"line":6,"column":37}},"4":{"start":{"line":9,"column":0},"end":{"line":14,"column":24}},"5":{"start":{"line":10,"column":4},"end":{"line":11,"column":19}}},"branchMap":{}},"/home/jshen130/Documents/cmu_ms_se/spring16/foundations-of-software-engineering/ssnoc/models/users.js":{"path":"/home/jshen130/Documents/cmu_ms_se/spring16/foundations-of-software-engineering/ssnoc/models/users.js","s":{"1":1,"2":1,"3":2,"4":1,"5":1,"6":0,"7":0,"8":1,"9":0,"10":0,"11":0,"12":0,"13":0,"14":0,"15":1,"16":0,"17":0,"18":1,"19":0,"20":0,"21":0,"22":0,"23":0,"24":0,"25":0,"26":0,"27":0,"28":0,"29":0,"30":0,"31":0,"32":1},"b":{"1":[0,0],"2":[0,0],"3":[0,0],"4":[0,0]},"f":{"1":2,"2":0,"3":0,"4":0,"5":0,"6":0,"7":0},"fnMap":{"1":{"name":"User","line":5,"loc":{"start":{"line":5,"column":0},"end":{"line":5,"column":22}}},"2":{"name":"(anonymous_2)","line":12,"loc":{"start":{"line":12,"column":25},"end":{"line":12,"column":59}}},"3":{"name":"(anonymous_3)","line":18,"loc":{"start":{"line":18,"column":26},"end":{"line":18,"column":40}}},"4":{"name":"(anonymous_4)","line":20,"loc":{"start":{"line":20,"column":30},"end":{"line":20,"column":50}}},"5":{"name":"(anonymous_5)","line":29,"loc":{"start":{"line":29,"column":27},"end":{"line":29,"column":59}}},"6":{"name":"(anonymous_6)","line":36,"loc":{"start":{"line":36,"column":28},"end":{"line":36,"column":62}}},"7":{"name":"(anonymous_7)","line":39,"loc":{"start":{"line":39,"column":30},"end":{"line":39,"column":48}}}},"statementMap":{"1":{"start":{"line":1,"column":0},"end":{"line":1,"column":36}},"2":{"start":{"line":5,"column":0},"end":{"line":7,"column":1}},"3":{"start":{"line":6,"column":1},"end":{"line":6,"column":26}},"4":{"start":{"line":9,"column":0},"end":{"line":9,"column":35}},"5":{"start":{"line":12,"column":0},"end":{"line":15,"column":2}},"6":{"start":{"line":13,"column":4},"end":{"line":13,"column":101}},"7":{"start":{"line":14,"column":1},"end":{"line":14,"column":20}},"8":{"start":{"line":18,"column":0},"end":{"line":26,"column":2}},"9":{"start":{"line":19,"column":4},"end":{"line":19,"column":57}},"10":{"start":{"line":20,"column":1},"end":{"line":25,"column":4}},"11":{"start":{"line":21,"column":5},"end":{"line":22,"column":19}},"12":{"start":{"line":22,"column":2},"end":{"line":22,"column":19}},"13":{"start":{"line":23,"column":5},"end":{"line":23,"column":23}},"14":{"start":{"line":24,"column":5},"end":{"line":24,"column":16}},"15":{"start":{"line":29,"column":0},"end":{"line":33,"column":2}},"16":{"start":{"line":30,"column":4},"end":{"line":31,"column":18}},"17":{"start":{"line":32,"column":1},"end":{"line":32,"column":33}},"18":{"start":{"line":36,"column":0},"end":{"line":54,"column":1}},"19":{"start":{"line":37,"column":4},"end":{"line":37,"column":79}},"20":{"start":{"line":38,"column":1},"end":{"line":38,"column":29}},"21":{"start":{"line":39,"column":1},"end":{"line":53,"column":4}},"22":{"start":{"line":40,"column":5},"end":{"line":41,"column":19}},"23":{"start":{"line":41,"column":2},"end":{"line":41,"column":19}},"24":{"start":{"line":42,"column":5},"end":{"line":50,"column":6}},"25":{"start":{"line":43,"column":2},"end":{"line":49,"column":4}},"26":{"start":{"line":44,"column":6},"end":{"line":44,"column":22}},"27":{"start":{"line":45,"column":6},"end":{"line":45,"column":13}},"28":{"start":{"line":47,"column":6},"end":{"line":47,"column":33}},"29":{"start":{"line":48,"column":6},"end":{"line":48,"column":13}},"30":{"start":{"line":51,"column":5},"end":{"line":51,"column":33}},"31":{"start":{"line":52,"column":5},"end":{"line":52,"column":12}},"32":{"start":{"line":56,"column":0},"end":{"line":56,"column":22}}},"branchMap":{"1":{"line":21,"type":"if","locations":[{"start":{"line":21,"column":5},"end":{"line":21,"column":5}},{"start":{"line":21,"column":5},"end":{"line":21,"column":5}}]},"2":{"line":40,"type":"if","locations":[{"start":{"line":40,"column":5},"end":{"line":40,"column":5}},{"start":{"line":40,"column":5},"end":{"line":40,"column":5}}]},"3":{"line":42,"type":"if","locations":[{"start":{"line":42,"column":5},"end":{"line":42,"column":5}},{"start":{"line":42,"column":5},"end":{"line":42,"column":5}}]},"4":{"line":43,"type":"if","locations":[{"start":{"line":43,"column":2},"end":{"line":43,"column":2}},{"start":{"line":43,"column":2},"end":{"line":43,"column":2}}]}}},"/home/jshen130/Documents/cmu_ms_se/spring16/foundations-of-software-engineering/ssnoc/models/messages.js":{"path":"/home/jshen130/Documents/cmu_ms_se/spring16/foundations-of-software-engineering/ssnoc/models/messages.js","s":{"1":1,"2":1,"3":1,"4":1,"5":1,"6":0,"7":0,"8":1,"9":0,"10":0,"11":0,"12":0,"13":0,"14":1,"15":0,"16":0,"17":0,"18":0,"19":0,"20":1,"21":0,"22":0,"23":1},"b":{"1":[0,0],"2":[0,0]},"f":{"1":1,"2":0,"3":0,"4":0,"5":0,"6":0,"7":0},"fnMap":{"1":{"name":"Message","line":4,"loc":{"start":{"line":4,"column":0},"end":{"line":4,"column":25}}},"2":{"name":"(anonymous_2)","line":11,"loc":{"start":{"line":11,"column":33},"end":{"line":11,"column":78}}},"3":{"name":"(anonymous_3)","line":19,"loc":{"start":{"line":19,"column":32},"end":{"line":19,"column":50}}},"4":{"name":"(anonymous_4)","line":21,"loc":{"start":{"line":21,"column":34},"end":{"line":21,"column":54}}},"5":{"name":"(anonymous_5)","line":29,"loc":{"start":{"line":29,"column":30},"end":{"line":29,"column":66}}},"6":{"name":"(anonymous_6)","line":31,"loc":{"start":{"line":31,"column":51},"end":{"line":31,"column":71}}},"7":{"name":"(anonymous_7)","line":43,"loc":{"start":{"line":43,"column":31},"end":{"line":43,"column":84}}}},"statementMap":{"1":{"start":{"line":1,"column":0},"end":{"line":1,"column":36}},"2":{"start":{"line":4,"column":0},"end":{"line":6,"column":1}},"3":{"start":{"line":5,"column":1},"end":{"line":5,"column":26}},"4":{"start":{"line":8,"column":0},"end":{"line":8,"column":39}},"5":{"start":{"line":11,"column":0},"end":{"line":16,"column":2}},"6":{"start":{"line":12,"column":4},"end":{"line":12,"column":128}},"7":{"start":{"line":15,"column":5},"end":{"line":15,"column":28}},"8":{"start":{"line":19,"column":0},"end":{"line":25,"column":2}},"9":{"start":{"line":20,"column":1},"end":{"line":20,"column":38}},"10":{"start":{"line":21,"column":5},"end":{"line":24,"column":8}},"11":{"start":{"line":22,"column":9},"end":{"line":22,"column":34}},"12":{"start":{"line":22,"column":17},"end":{"line":22,"column":34}},"13":{"start":{"line":23,"column":9},"end":{"line":23,"column":24}},"14":{"start":{"line":29,"column":0},"end":{"line":39,"column":2}},"15":{"start":{"line":30,"column":4},"end":{"line":30,"column":69}},"16":{"start":{"line":31,"column":8},"end":{"line":38,"column":11}},"17":{"start":{"line":33,"column":12},"end":{"line":35,"column":13}},"18":{"start":{"line":34,"column":12},"end":{"line":34,"column":29}},"19":{"start":{"line":37,"column":12},"end":{"line":37,"column":27}},"20":{"start":{"line":43,"column":0},"end":{"line":47,"column":2}},"21":{"start":{"line":44,"column":4},"end":{"line":45,"column":43}},"22":{"start":{"line":46,"column":8},"end":{"line":46,"column":39}},"23":{"start":{"line":53,"column":0},"end":{"line":53,"column":25}}},"branchMap":{"1":{"line":22,"type":"if","locations":[{"start":{"line":22,"column":9},"end":{"line":22,"column":9}},{"start":{"line":22,"column":9},"end":{"line":22,"column":9}}]},"2":{"line":33,"type":"if","locations":[{"start":{"line":33,"column":12},"end":{"line":33,"column":12}},{"start":{"line":33,"column":12},"end":{"line":33,"column":12}}]}}},"/home/jshen130/Documents/cmu_ms_se/spring16/foundations-of-software-engineering/ssnoc/socket.js":{"path":"/home/jshen130/Documents/cmu_ms_se/spring16/foundations-of-software-engineering/ssnoc/socket.js","s":{"1":1,"2":1,"3":1,"4":1,"5":0,"6":0,"7":0,"8":0,"9":0,"10":0,"11":0,"12":0,"13":0,"14":0,"15":0,"16":0,"17":1,"18":0,"19":0,"20":0,"21":0,"22":0,"23":0,"24":0,"25":0,"26":0,"27":0,"28":0,"29":0,"30":0,"31":0,"32":0,"33":0,"34":0,"35":0,"36":0,"37":0,"38":1,"39":0,"40":0,"41":0,"42":0,"43":0,"44":0,"45":1,"46":0,"47":0,"48":0,"49":0},"b":{"1":[0,0],"2":[0,0],"3":[0,0],"4":[0,0]},"f":{"1":1,"2":0,"3":0,"4":0,"5":0,"6":0,"7":0,"8":0,"9":0,"10":0,"11":0,"12":0,"13":0,"14":0,"15":0,"16":0},"fnMap":{"1":{"name":"(anonymous_1)","line":2,"loc":{"start":{"line":2,"column":17},"end":{"line":2,"column":34}}},"2":{"name":"(anonymous_2)","line":9,"loc":{"start":{"line":9,"column":22},"end":{"line":9,"column":38}}},"3":{"name":"(anonymous_3)","line":13,"loc":{"start":{"line":13,"column":27},"end":{"line":13,"column":43}}},"4":{"name":"(anonymous_4)","line":27,"loc":{"start":{"line":27,"column":30},"end":{"line":27,"column":40}}},"5":{"name":"callback","line":32,"loc":{"start":{"line":32,"column":9},"end":{"line":32,"column":35}}},"6":{"name":"(anonymous_6)","line":45,"loc":{"start":{"line":45,"column":35},"end":{"line":45,"column":49}}},"7":{"name":"(anonymous_7)","line":49,"loc":{"start":{"line":49,"column":63},"end":{"line":49,"column":73}}},"8":{"name":"(anonymous_8)","line":55,"loc":{"start":{"line":55,"column":25},"end":{"line":55,"column":39}}},"9":{"name":"(anonymous_9)","line":60,"loc":{"start":{"line":60,"column":36},"end":{"line":60,"column":50}}},"10":{"name":"(anonymous_10)","line":65,"loc":{"start":{"line":65,"column":73},"end":{"line":65,"column":89}}},"11":{"name":"(anonymous_11)","line":71,"loc":{"start":{"line":71,"column":30},"end":{"line":71,"column":44}}},"12":{"name":"(anonymous_12)","line":73,"loc":{"start":{"line":73,"column":58},"end":{"line":73,"column":69}}},"13":{"name":"(anonymous_13)","line":77,"loc":{"start":{"line":77,"column":28},"end":{"line":77,"column":38}}},"14":{"name":"(anonymous_14)","line":84,"loc":{"start":{"line":84,"column":19},"end":{"line":84,"column":32}}},"15":{"name":"(anonymous_15)","line":86,"loc":{"start":{"line":86,"column":19},"end":{"line":86,"column":40}}},"16":{"name":"(anonymous_16)","line":99,"loc":{"start":{"line":99,"column":21},"end":{"line":99,"column":32}}}},"statementMap":{"1":{"start":{"line":1,"column":0},"end":{"line":1,"column":33}},"2":{"start":{"line":2,"column":0},"end":{"line":107,"column":2}},"3":{"start":{"line":8,"column":2},"end":{"line":8,"column":26}},"4":{"start":{"line":9,"column":2},"end":{"line":80,"column":4}},"5":{"start":{"line":13,"column":4},"end":{"line":25,"column":7}},"6":{"start":{"line":14,"column":6},"end":{"line":22,"column":7}},"7":{"start":{"line":15,"column":8},"end":{"line":15,"column":38}},"8":{"start":{"line":16,"column":8},"end":{"line":16,"column":29}},"9":{"start":{"line":17,"column":8},"end":{"line":17,"column":32}},"10":{"start":{"line":19,"column":8},"end":{"line":19,"column":25}},"11":{"start":{"line":20,"column":8},"end":{"line":20,"column":32}},"12":{"start":{"line":21,"column":8},"end":{"line":21,"column":36}},"13":{"start":{"line":24,"column":7},"end":{"line":24,"column":47}},"14":{"start":{"line":27,"column":4},"end":{"line":41,"column":7}},"15":{"start":{"line":29,"column":10},"end":{"line":31,"column":11}},"16":{"start":{"line":30,"column":12},"end":{"line":30,"column":49}},"17":{"start":{"line":32,"column":9},"end":{"line":39,"column":10}},"18":{"start":{"line":33,"column":12},"end":{"line":33,"column":45}},"19":{"start":{"line":35,"column":12},"end":{"line":37,"column":13}},"20":{"start":{"line":36,"column":15},"end":{"line":36,"column":68}},"21":{"start":{"line":40,"column":9},"end":{"line":40,"column":31}},"22":{"start":{"line":45,"column":4},"end":{"line":51,"column":7}},"23":{"start":{"line":48,"column":6},"end":{"line":48,"column":46}},"24":{"start":{"line":49,"column":6},"end":{"line":49,"column":77}},"25":{"start":{"line":55,"column":4},"end":{"line":57,"column":7}},"26":{"start":{"line":56,"column":6},"end":{"line":56,"column":29}},"27":{"start":{"line":60,"column":4},"end":{"line":66,"column":7}},"28":{"start":{"line":61,"column":6},"end":{"line":61,"column":47}},"29":{"start":{"line":62,"column":6},"end":{"line":62,"column":113}},"30":{"start":{"line":63,"column":6},"end":{"line":63,"column":28}},"31":{"start":{"line":64,"column":6},"end":{"line":64,"column":74}},"32":{"start":{"line":65,"column":1},"end":{"line":65,"column":93}},"33":{"start":{"line":71,"column":4},"end":{"line":74,"column":7}},"34":{"start":{"line":72,"column":6},"end":{"line":72,"column":79}},"35":{"start":{"line":73,"column":6},"end":{"line":73,"column":73}},"36":{"start":{"line":77,"column":4},"end":{"line":79,"column":7}},"37":{"start":{"line":78,"column":7},"end":{"line":78,"column":27}},"38":{"start":{"line":84,"column":4},"end":{"line":96,"column":5}},"39":{"start":{"line":86,"column":7},"end":{"line":95,"column":10}},"40":{"start":{"line":87,"column":11},"end":{"line":93,"column":12}},"41":{"start":{"line":88,"column":14},"end":{"line":88,"column":73}},"42":{"start":{"line":89,"column":14},"end":{"line":92,"column":15}},"43":{"start":{"line":90,"column":16},"end":{"line":90,"column":43}},"44":{"start":{"line":91,"column":16},"end":{"line":91,"column":32}},"45":{"start":{"line":99,"column":2},"end":{"line":104,"column":4}},"46":{"start":{"line":100,"column":4},"end":{"line":100,"column":33}},"47":{"start":{"line":101,"column":4},"end":{"line":101,"column":44}},"48":{"start":{"line":102,"column":4},"end":{"line":102,"column":44}},"49":{"start":{"line":103,"column":4},"end":{"line":103,"column":46}}},"branchMap":{"1":{"line":14,"type":"if","locations":[{"start":{"line":14,"column":6},"end":{"line":14,"column":6}},{"start":{"line":14,"column":6},"end":{"line":14,"column":6}}]},"2":{"line":62,"type":"cond-expr","locations":[{"start":{"line":62,"column":45},"end":{"line":62,"column":78}},{"start":{"line":62,"column":79},"end":{"line":62,"column":112}}]},"3":{"line":87,"type":"if","locations":[{"start":{"line":87,"column":11},"end":{"line":87,"column":11}},{"start":{"line":87,"column":11},"end":{"line":87,"column":11}}]},"4":{"line":89,"type":"if","locations":[{"start":{"line":89,"column":14},"end":{"line":89,"column":14}},{"start":{"line":89,"column":14},"end":{"line":89,"column":14}}]}}},"/home/jshen130/Documents/cmu_ms_se/spring16/foundations-of-software-engineering/ssnoc/api.js":{"path":"/home/jshen130/Documents/cmu_ms_se/spring16/foundations-of-software-engineering/ssnoc/api.js","s":{"1":1,"2":1,"3":1,"4":1,"5":0,"6":0,"7":1,"8":0,"9":0,"10":0,"11":0,"12":0,"13":0,"14":0,"15":0,"16":0,"17":0,"18":0,"19":1,"20":1,"21":0,"22":0,"23":1,"24":1,"25":0,"26":0,"27":0,"28":0,"29":0,"30":0,"31":0,"32":1,"33":0,"34":0,"35":0,"36":1,"37":1,"38":0,"39":0,"40":0,"41":0,"42":0,"43":0,"44":1,"45":1,"46":0,"47":0,"48":1,"49":1,"50":0,"51":0,"52":1,"53":0,"54":0,"55":0,"56":0,"57":1,"58":1,"59":0,"60":0,"61":0,"62":0,"63":0,"64":0,"65":0,"66":0,"67":0,"68":1,"69":0,"70":0,"71":1,"72":1,"73":0,"74":0,"75":0,"76":0,"77":0,"78":0,"79":0,"80":0,"81":1,"82":0,"83":0,"84":1,"85":1,"86":0,"87":0,"88":0,"89":0,"90":0,"91":0,"92":0,"93":0,"94":1,"95":0,"96":1,"97":1,"98":0,"99":0,"100":0,"101":0,"102":0,"103":1,"104":0,"105":0,"106":1,"107":0,"108":0,"109":1,"110":1,"111":0,"112":0,"113":1,"114":0,"115":1,"116":1,"117":0,"118":1,"119":0,"120":0,"121":0,"122":0,"123":0,"124":1,"125":0,"126":0,"127":0,"128":1,"129":0,"130":0,"131":0,"132":0,"133":1,"134":1,"135":0,"136":0,"137":0,"138":0,"139":0,"140":1,"141":1,"142":0,"143":0,"144":0,"145":0,"146":0,"147":1,"148":1,"149":0,"150":0,"151":0,"152":0,"153":0,"154":0,"155":1,"156":1,"157":0,"158":0,"159":0,"160":0,"161":0,"162":0,"163":0},"b":{"1":[0,0],"2":[0,0],"3":[0,0],"4":[0,0],"5":[0,0],"6":[0,0],"7":[0,0,0],"8":[0,0],"9":[0,0],"10":[0,0],"11":[0,0],"12":[0,0],"13":[0,0],"14":[0,0],"15":[0,0],"16":[0,0],"17":[0,0],"18":[0,0],"19":[0,0],"20":[0,0],"21":[0,0,0],"22":[0,0],"23":[0,0],"24":[0,0],"25":[0,0],"26":[0,0],"27":[0,0]},"f":{"1":1,"2":0,"3":0,"4":0,"5":0,"6":0,"7":0,"8":0,"9":0,"10":0,"11":0,"12":0,"13":0,"14":0,"15":0,"16":0,"17":0,"18":0,"19":0,"20":0,"21":0,"22":0,"23":0,"24":0,"25":0,"26":0,"27":0,"28":0,"29":0,"30":0,"31":0,"32":0,"33":0,"34":0,"35":0,"36":0,"37":0,"38":0,"39":0,"40":0,"41":0,"42":0,"43":0,"44":0,"45":0,"46":0,"47":0,"48":0},"fnMap":{"1":{"name":"(anonymous_1)","line":1,"loc":{"start":{"line":1,"column":17},"end":{"line":1,"column":35}}},"2":{"name":"(anonymous_2)","line":6,"loc":{"start":{"line":6,"column":27},"end":{"line":6,"column":46}}},"3":{"name":"callback","line":9,"loc":{"start":{"line":9,"column":1},"end":{"line":9,"column":27}}},"4":{"name":"(anonymous_4)","line":15,"loc":{"start":{"line":15,"column":33},"end":{"line":15,"column":48}}},"5":{"name":"(anonymous_5)","line":29,"loc":{"start":{"line":29,"column":26},"end":{"line":29,"column":45}}},"6":{"name":"callback","line":30,"loc":{"start":{"line":30,"column":1},"end":{"line":30,"column":27}}},"7":{"name":"(anonymous_7)","line":37,"loc":{"start":{"line":37,"column":55},"end":{"line":37,"column":74}}},"8":{"name":"callback","line":38,"loc":{"start":{"line":38,"column":1},"end":{"line":38,"column":27}}},"9":{"name":"(anonymous_9)","line":55,"loc":{"start":{"line":55,"column":37},"end":{"line":55,"column":56}}},"10":{"name":"verify","line":59,"loc":{"start":{"line":59,"column":1},"end":{"line":59,"column":25}}},"11":{"name":"call","line":60,"loc":{"start":{"line":60,"column":5},"end":{"line":60,"column":27}}},"12":{"name":"(anonymous_12)","line":75,"loc":{"start":{"line":75,"column":36},"end":{"line":75,"column":55}}},"13":{"name":"callback","line":76,"loc":{"start":{"line":76,"column":1},"end":{"line":76,"column":27}}},"14":{"name":"(anonymous_14)","line":83,"loc":{"start":{"line":83,"column":46},"end":{"line":83,"column":65}}},"15":{"name":"callback","line":84,"loc":{"start":{"line":84,"column":1},"end":{"line":84,"column":27}}},"16":{"name":"(anonymous_16)","line":91,"loc":{"start":{"line":91,"column":38},"end":{"line":91,"column":57}}},"17":{"name":"verify","line":96,"loc":{"start":{"line":96,"column":1},"end":{"line":96,"column":25}}},"18":{"name":"again","line":97,"loc":{"start":{"line":97,"column":5},"end":{"line":97,"column":26}}},"19":{"name":"(anonymous_19)","line":99,"loc":{"start":{"line":99,"column":56},"end":{"line":99,"column":73}}},"20":{"name":"(anonymous_20)","line":117,"loc":{"start":{"line":117,"column":51},"end":{"line":117,"column":70}}},"21":{"name":"verify","line":120,"loc":{"start":{"line":120,"column":1},"end":{"line":120,"column":25}}},"22":{"name":"again","line":121,"loc":{"start":{"line":121,"column":5},"end":{"line":121,"column":26}}},"23":{"name":"(anonymous_23)","line":123,"loc":{"start":{"line":123,"column":33},"end":{"line":123,"column":50}}},"24":{"name":"(anonymous_24)","line":141,"loc":{"start":{"line":141,"column":51},"end":{"line":141,"column":70}}},"25":{"name":"verify","line":144,"loc":{"start":{"line":144,"column":1},"end":{"line":144,"column":25}}},"26":{"name":"again","line":145,"loc":{"start":{"line":145,"column":5},"end":{"line":145,"column":26}}},"27":{"name":"(anonymous_27)","line":147,"loc":{"start":{"line":147,"column":33},"end":{"line":147,"column":50}}},"28":{"name":"(anonymous_28)","line":165,"loc":{"start":{"line":165,"column":45},"end":{"line":165,"column":64}}},"29":{"name":"verify","line":167,"loc":{"start":{"line":167,"column":1},"end":{"line":167,"column":25}}},"30":{"name":"sendback","line":168,"loc":{"start":{"line":168,"column":5},"end":{"line":168,"column":31}}},"31":{"name":"(anonymous_31)","line":181,"loc":{"start":{"line":181,"column":45},"end":{"line":181,"column":64}}},"32":{"name":"call","line":184,"loc":{"start":{"line":184,"column":1},"end":{"line":184,"column":23}}},"33":{"name":"(anonymous_33)","line":191,"loc":{"start":{"line":191,"column":44},"end":{"line":191,"column":63}}},"34":{"name":"call","line":192,"loc":{"start":{"line":192,"column":1},"end":{"line":192,"column":23}}},"35":{"name":"nonStop","line":199,"loc":{"start":{"line":199,"column":4},"end":{"line":199,"column":27}}},"36":{"name":"(anonymous_36)","line":204,"loc":{"start":{"line":204,"column":35},"end":{"line":204,"column":54}}},"37":{"name":"noempty","line":205,"loc":{"start":{"line":205,"column":1},"end":{"line":205,"column":21}}},"38":{"name":"searchcall","line":208,"loc":{"start":{"line":208,"column":1},"end":{"line":208,"column":29}}},"39":{"name":"(anonymous_39)","line":220,"loc":{"start":{"line":220,"column":49},"end":{"line":220,"column":68}}},"40":{"name":"searchcall","line":227,"loc":{"start":{"line":227,"column":1},"end":{"line":227,"column":29}}},"41":{"name":"(anonymous_41)","line":238,"loc":{"start":{"line":238,"column":52},"end":{"line":238,"column":71}}},"42":{"name":"searchcall","line":239,"loc":{"start":{"line":239,"column":1},"end":{"line":239,"column":29}}},"43":{"name":"(anonymous_43)","line":252,"loc":{"start":{"line":252,"column":45},"end":{"line":252,"column":64}}},"44":{"name":"searchcall","line":253,"loc":{"start":{"line":253,"column":1},"end":{"line":253,"column":29}}},"45":{"name":"(anonymous_45)","line":266,"loc":{"start":{"line":266,"column":59},"end":{"line":266,"column":78}}},"46":{"name":"searchcall","line":267,"loc":{"start":{"line":267,"column":1},"end":{"line":267,"column":29}}},"47":{"name":"verify","line":277,"loc":{"start":{"line":277,"column":1},"end":{"line":277,"column":25}}},"48":{"name":"again","line":278,"loc":{"start":{"line":278,"column":5},"end":{"line":278,"column":26}}}},"statementMap":{"1":{"start":{"line":1,"column":0},"end":{"line":301,"column":2}},"2":{"start":{"line":2,"column":4},"end":{"line":2,"column":23}},"3":{"start":{"line":3,"column":4},"end":{"line":3,"column":31}},"4":{"start":{"line":6,"column":4},"end":{"line":26,"column":7}},"5":{"start":{"line":7,"column":1},"end":{"line":7,"column":34}},"6":{"start":{"line":8,"column":1},"end":{"line":8,"column":34}},"7":{"start":{"line":9,"column":1},"end":{"line":20,"column":2}},"8":{"start":{"line":10,"column":5},"end":{"line":18,"column":6}},"9":{"start":{"line":11,"column":2},"end":{"line":11,"column":34}},"10":{"start":{"line":12,"column":12},"end":{"line":18,"column":6}},"11":{"start":{"line":13,"column":2},"end":{"line":13,"column":36}},"12":{"start":{"line":14,"column":12},"end":{"line":18,"column":6}},"13":{"start":{"line":15,"column":2},"end":{"line":17,"column":5}},"14":{"start":{"line":16,"column":6},"end":{"line":16,"column":38}},"15":{"start":{"line":19,"column":5},"end":{"line":19,"column":40}},"16":{"start":{"line":21,"column":1},"end":{"line":25,"column":2}},"17":{"start":{"line":22,"column":5},"end":{"line":22,"column":36}},"18":{"start":{"line":24,"column":5},"end":{"line":24,"column":49}},"19":{"start":{"line":29,"column":4},"end":{"line":34,"column":7}},"20":{"start":{"line":30,"column":1},"end":{"line":32,"column":2}},"21":{"start":{"line":31,"column":5},"end":{"line":31,"column":22}},"22":{"start":{"line":33,"column":1},"end":{"line":33,"column":23}},"23":{"start":{"line":37,"column":4},"end":{"line":52,"column":7}},"24":{"start":{"line":38,"column":1},"end":{"line":44,"column":2}},"25":{"start":{"line":39,"column":5},"end":{"line":43,"column":6}},"26":{"start":{"line":40,"column":2},"end":{"line":40,"column":41}},"27":{"start":{"line":42,"column":2},"end":{"line":42,"column":36}},"28":{"start":{"line":45,"column":1},"end":{"line":50,"column":2}},"29":{"start":{"line":48,"column":5},"end":{"line":48,"column":44}},"30":{"start":{"line":49,"column":5},"end":{"line":49,"column":12}},"31":{"start":{"line":51,"column":1},"end":{"line":51,"column":64}},"32":{"start":{"line":55,"column":4},"end":{"line":72,"column":7}},"33":{"start":{"line":56,"column":1},"end":{"line":56,"column":35}},"34":{"start":{"line":57,"column":1},"end":{"line":57,"column":34}},"35":{"start":{"line":58,"column":1},"end":{"line":58,"column":35}},"36":{"start":{"line":59,"column":1},"end":{"line":70,"column":2}},"37":{"start":{"line":60,"column":5},"end":{"line":64,"column":6}},"38":{"start":{"line":61,"column":2},"end":{"line":63,"column":3}},"39":{"start":{"line":62,"column":6},"end":{"line":62,"column":46}},"40":{"start":{"line":65,"column":5},"end":{"line":69,"column":6}},"41":{"start":{"line":66,"column":2},"end":{"line":66,"column":54}},"42":{"start":{"line":68,"column":2},"end":{"line":68,"column":36}},"43":{"start":{"line":71,"column":1},"end":{"line":71,"column":41}},"44":{"start":{"line":75,"column":4},"end":{"line":80,"column":7}},"45":{"start":{"line":76,"column":1},"end":{"line":78,"column":2}},"46":{"start":{"line":77,"column":5},"end":{"line":77,"column":22}},"47":{"start":{"line":79,"column":1},"end":{"line":79,"column":26}},"48":{"start":{"line":83,"column":4},"end":{"line":88,"column":7}},"49":{"start":{"line":84,"column":1},"end":{"line":86,"column":2}},"50":{"start":{"line":85,"column":5},"end":{"line":85,"column":22}},"51":{"start":{"line":87,"column":1},"end":{"line":87,"column":51}},"52":{"start":{"line":91,"column":4},"end":{"line":114,"column":7}},"53":{"start":{"line":92,"column":1},"end":{"line":92,"column":30}},"54":{"start":{"line":93,"column":1},"end":{"line":93,"column":30}},"55":{"start":{"line":94,"column":1},"end":{"line":94,"column":31}},"56":{"start":{"line":95,"column":1},"end":{"line":95,"column":34}},"57":{"start":{"line":96,"column":1},"end":{"line":112,"column":2}},"58":{"start":{"line":97,"column":5},"end":{"line":106,"column":6}},"59":{"start":{"line":98,"column":2},"end":{"line":105,"column":3}},"60":{"start":{"line":99,"column":6},"end":{"line":102,"column":9}},"61":{"start":{"line":100,"column":3},"end":{"line":101,"column":47}},"62":{"start":{"line":101,"column":7},"end":{"line":101,"column":47}},"63":{"start":{"line":104,"column":6},"end":{"line":104,"column":40}},"64":{"start":{"line":107,"column":5},"end":{"line":111,"column":6}},"65":{"start":{"line":108,"column":2},"end":{"line":108,"column":30}},"66":{"start":{"line":110,"column":2},"end":{"line":110,"column":36}},"67":{"start":{"line":113,"column":1},"end":{"line":113,"column":30}},"68":{"start":{"line":117,"column":4},"end":{"line":137,"column":7}},"69":{"start":{"line":118,"column":1},"end":{"line":118,"column":30}},"70":{"start":{"line":119,"column":1},"end":{"line":119,"column":30}},"71":{"start":{"line":120,"column":1},"end":{"line":135,"column":2}},"72":{"start":{"line":121,"column":5},"end":{"line":129,"column":6}},"73":{"start":{"line":122,"column":2},"end":{"line":128,"column":3}},"74":{"start":{"line":123,"column":6},"end":{"line":125,"column":9}},"75":{"start":{"line":124,"column":3},"end":{"line":124,"column":20}},"76":{"start":{"line":127,"column":6},"end":{"line":127,"column":40}},"77":{"start":{"line":130,"column":5},"end":{"line":134,"column":6}},"78":{"start":{"line":131,"column":2},"end":{"line":131,"column":29}},"79":{"start":{"line":133,"column":2},"end":{"line":133,"column":36}},"80":{"start":{"line":136,"column":1},"end":{"line":136,"column":29}},"81":{"start":{"line":141,"column":4},"end":{"line":161,"column":7}},"82":{"start":{"line":142,"column":1},"end":{"line":142,"column":30}},"83":{"start":{"line":143,"column":1},"end":{"line":143,"column":30}},"84":{"start":{"line":144,"column":1},"end":{"line":159,"column":2}},"85":{"start":{"line":145,"column":5},"end":{"line":153,"column":6}},"86":{"start":{"line":146,"column":2},"end":{"line":152,"column":3}},"87":{"start":{"line":147,"column":6},"end":{"line":149,"column":9}},"88":{"start":{"line":148,"column":3},"end":{"line":148,"column":20}},"89":{"start":{"line":151,"column":6},"end":{"line":151,"column":40}},"90":{"start":{"line":154,"column":5},"end":{"line":158,"column":6}},"91":{"start":{"line":155,"column":2},"end":{"line":155,"column":29}},"92":{"start":{"line":157,"column":2},"end":{"line":157,"column":36}},"93":{"start":{"line":160,"column":1},"end":{"line":160,"column":29}},"94":{"start":{"line":165,"column":4},"end":{"line":178,"column":7}},"95":{"start":{"line":166,"column":1},"end":{"line":166,"column":36}},"96":{"start":{"line":167,"column":1},"end":{"line":176,"column":2}},"97":{"start":{"line":168,"column":5},"end":{"line":170,"column":6}},"98":{"start":{"line":169,"column":2},"end":{"line":169,"column":19}},"99":{"start":{"line":171,"column":5},"end":{"line":175,"column":6}},"100":{"start":{"line":172,"column":2},"end":{"line":172,"column":35}},"101":{"start":{"line":174,"column":2},"end":{"line":174,"column":36}},"102":{"start":{"line":177,"column":1},"end":{"line":177,"column":32}},"103":{"start":{"line":181,"column":4},"end":{"line":188,"column":7}},"104":{"start":{"line":182,"column":1},"end":{"line":182,"column":32}},"105":{"start":{"line":183,"column":1},"end":{"line":183,"column":36}},"106":{"start":{"line":184,"column":1},"end":{"line":186,"column":2}},"107":{"start":{"line":185,"column":5},"end":{"line":185,"column":37}},"108":{"start":{"line":187,"column":1},"end":{"line":187,"column":55}},"109":{"start":{"line":191,"column":4},"end":{"line":196,"column":7}},"110":{"start":{"line":192,"column":1},"end":{"line":194,"column":2}},"111":{"start":{"line":193,"column":5},"end":{"line":193,"column":22}},"112":{"start":{"line":195,"column":1},"end":{"line":195,"column":21}},"113":{"start":{"line":199,"column":4},"end":{"line":201,"column":5}},"114":{"start":{"line":200,"column":1},"end":{"line":200,"column":104}},"115":{"start":{"line":204,"column":4},"end":{"line":217,"column":7}},"116":{"start":{"line":205,"column":1},"end":{"line":207,"column":2}},"117":{"start":{"line":206,"column":5},"end":{"line":206,"column":20}},"118":{"start":{"line":208,"column":1},"end":{"line":214,"column":2}},"119":{"start":{"line":209,"column":5},"end":{"line":213,"column":6}},"120":{"start":{"line":210,"column":2},"end":{"line":210,"column":19}},"121":{"start":{"line":212,"column":2},"end":{"line":212,"column":35}},"122":{"start":{"line":215,"column":1},"end":{"line":215,"column":48}},"123":{"start":{"line":216,"column":1},"end":{"line":216,"column":35}},"124":{"start":{"line":220,"column":4},"end":{"line":235,"column":7}},"125":{"start":{"line":221,"column":1},"end":{"line":226,"column":2}},"126":{"start":{"line":224,"column":5},"end":{"line":224,"column":44}},"127":{"start":{"line":225,"column":5},"end":{"line":225,"column":12}},"128":{"start":{"line":227,"column":1},"end":{"line":233,"column":2}},"129":{"start":{"line":228,"column":5},"end":{"line":232,"column":6}},"130":{"start":{"line":229,"column":2},"end":{"line":229,"column":19}},"131":{"start":{"line":231,"column":2},"end":{"line":231,"column":35}},"132":{"start":{"line":234,"column":1},"end":{"line":234,"column":48}},"133":{"start":{"line":238,"column":4},"end":{"line":249,"column":7}},"134":{"start":{"line":239,"column":1},"end":{"line":245,"column":2}},"135":{"start":{"line":240,"column":5},"end":{"line":244,"column":6}},"136":{"start":{"line":241,"column":2},"end":{"line":241,"column":19}},"137":{"start":{"line":243,"column":2},"end":{"line":243,"column":35}},"138":{"start":{"line":246,"column":1},"end":{"line":246,"column":50}},"139":{"start":{"line":247,"column":1},"end":{"line":247,"column":46}},"140":{"start":{"line":252,"column":4},"end":{"line":262,"column":7}},"141":{"start":{"line":253,"column":1},"end":{"line":259,"column":2}},"142":{"start":{"line":254,"column":5},"end":{"line":258,"column":6}},"143":{"start":{"line":255,"column":2},"end":{"line":255,"column":19}},"144":{"start":{"line":257,"column":2},"end":{"line":257,"column":35}},"145":{"start":{"line":260,"column":1},"end":{"line":260,"column":50}},"146":{"start":{"line":261,"column":1},"end":{"line":261,"column":39}},"147":{"start":{"line":266,"column":4},"end":{"line":292,"column":7}},"148":{"start":{"line":267,"column":1},"end":{"line":273,"column":2}},"149":{"start":{"line":268,"column":5},"end":{"line":272,"column":6}},"150":{"start":{"line":269,"column":2},"end":{"line":269,"column":19}},"151":{"start":{"line":271,"column":2},"end":{"line":271,"column":35}},"152":{"start":{"line":274,"column":1},"end":{"line":274,"column":50}},"153":{"start":{"line":275,"column":1},"end":{"line":275,"column":30}},"154":{"start":{"line":276,"column":1},"end":{"line":276,"column":30}},"155":{"start":{"line":277,"column":1},"end":{"line":290,"column":2}},"156":{"start":{"line":278,"column":5},"end":{"line":284,"column":6}},"157":{"start":{"line":279,"column":2},"end":{"line":283,"column":3}},"158":{"start":{"line":280,"column":6},"end":{"line":280,"column":59}},"159":{"start":{"line":282,"column":6},"end":{"line":282,"column":40}},"160":{"start":{"line":285,"column":5},"end":{"line":289,"column":6}},"161":{"start":{"line":286,"column":2},"end":{"line":286,"column":29}},"162":{"start":{"line":288,"column":2},"end":{"line":288,"column":36}},"163":{"start":{"line":291,"column":1},"end":{"line":291,"column":29}}},"branchMap":{"1":{"line":10,"type":"if","locations":[{"start":{"line":10,"column":5},"end":{"line":10,"column":5}},{"start":{"line":10,"column":5},"end":{"line":10,"column":5}}]},"2":{"line":12,"type":"if","locations":[{"start":{"line":12,"column":12},"end":{"line":12,"column":12}},{"start":{"line":12,"column":12},"end":{"line":12,"column":12}}]},"3":{"line":14,"type":"if","locations":[{"start":{"line":14,"column":12},"end":{"line":14,"column":12}},{"start":{"line":14,"column":12},"end":{"line":14,"column":12}}]},"4":{"line":21,"type":"if","locations":[{"start":{"line":21,"column":1},"end":{"line":21,"column":1}},{"start":{"line":21,"column":1},"end":{"line":21,"column":1}}]},"5":{"line":39,"type":"if","locations":[{"start":{"line":39,"column":5},"end":{"line":39,"column":5}},{"start":{"line":39,"column":5},"end":{"line":39,"column":5}}]},"6":{"line":45,"type":"if","locations":[{"start":{"line":45,"column":1},"end":{"line":45,"column":1}},{"start":{"line":45,"column":1},"end":{"line":45,"column":1}}]},"7":{"line":45,"type":"binary-expr","locations":[{"start":{"line":45,"column":5},"end":{"line":45,"column":30}},{"start":{"line":46,"column":5},"end":{"line":46,"column":32}},{"start":{"line":47,"column":5},"end":{"line":47,"column":37}}]},"8":{"line":61,"type":"if","locations":[{"start":{"line":61,"column":2},"end":{"line":61,"column":2}},{"start":{"line":61,"column":2},"end":{"line":61,"column":2}}]},"9":{"line":65,"type":"if","locations":[{"start":{"line":65,"column":5},"end":{"line":65,"column":5}},{"start":{"line":65,"column":5},"end":{"line":65,"column":5}}]},"10":{"line":98,"type":"if","locations":[{"start":{"line":98,"column":2},"end":{"line":98,"column":2}},{"start":{"line":98,"column":2},"end":{"line":98,"column":2}}]},"11":{"line":100,"type":"if","locations":[{"start":{"line":100,"column":3},"end":{"line":100,"column":3}},{"start":{"line":100,"column":3},"end":{"line":100,"column":3}}]},"12":{"line":107,"type":"if","locations":[{"start":{"line":107,"column":5},"end":{"line":107,"column":5}},{"start":{"line":107,"column":5},"end":{"line":107,"column":5}}]},"13":{"line":122,"type":"if","locations":[{"start":{"line":122,"column":2},"end":{"line":122,"column":2}},{"start":{"line":122,"column":2},"end":{"line":122,"column":2}}]},"14":{"line":130,"type":"if","locations":[{"start":{"line":130,"column":5},"end":{"line":130,"column":5}},{"start":{"line":130,"column":5},"end":{"line":130,"column":5}}]},"15":{"line":146,"type":"if","locations":[{"start":{"line":146,"column":2},"end":{"line":146,"column":2}},{"start":{"line":146,"column":2},"end":{"line":146,"column":2}}]},"16":{"line":154,"type":"if","locations":[{"start":{"line":154,"column":5},"end":{"line":154,"column":5}},{"start":{"line":154,"column":5},"end":{"line":154,"column":5}}]},"17":{"line":171,"type":"if","locations":[{"start":{"line":171,"column":5},"end":{"line":171,"column":5}},{"start":{"line":171,"column":5},"end":{"line":171,"column":5}}]},"18":{"line":200,"type":"binary-expr","locations":[{"start":{"line":200,"column":8},"end":{"line":200,"column":89}},{"start":{"line":200,"column":93},"end":{"line":200,"column":103}}]},"19":{"line":209,"type":"if","locations":[{"start":{"line":209,"column":5},"end":{"line":209,"column":5}},{"start":{"line":209,"column":5},"end":{"line":209,"column":5}}]},"20":{"line":221,"type":"if","locations":[{"start":{"line":221,"column":1},"end":{"line":221,"column":1}},{"start":{"line":221,"column":1},"end":{"line":221,"column":1}}]},"21":{"line":221,"type":"binary-expr","locations":[{"start":{"line":221,"column":5},"end":{"line":221,"column":30}},{"start":{"line":222,"column":5},"end":{"line":222,"column":32}},{"start":{"line":223,"column":5},"end":{"line":223,"column":37}}]},"22":{"line":228,"type":"if","locations":[{"start":{"line":228,"column":5},"end":{"line":228,"column":5}},{"start":{"line":228,"column":5},"end":{"line":228,"column":5}}]},"23":{"line":240,"type":"if","locations":[{"start":{"line":240,"column":5},"end":{"line":240,"column":5}},{"start":{"line":240,"column":5},"end":{"line":240,"column":5}}]},"24":{"line":254,"type":"if","locations":[{"start":{"line":254,"column":5},"end":{"line":254,"column":5}},{"start":{"line":254,"column":5},"end":{"line":254,"column":5}}]},"25":{"line":268,"type":"if","locations":[{"start":{"line":268,"column":5},"end":{"line":268,"column":5}},{"start":{"line":268,"column":5},"end":{"line":268,"column":5}}]},"26":{"line":279,"type":"if","locations":[{"start":{"line":279,"column":2},"end":{"line":279,"column":2}},{"start":{"line":279,"column":2},"end":{"line":279,"column":2}}]},"27":{"line":285,"type":"if","locations":[{"start":{"line":285,"column":5},"end":{"line":285,"column":5}},{"start":{"line":285,"column":5},"end":{"line":285,"column":5}}]}}}}