<?xml version="1.0" encoding="UTF-8"?>
<testsuites name="Mocha Tests" time="0.5569999999999999" tests="22" failures="0">
  <testsuite name="Root Suite" timestamp="2016-03-30T05:21:30" tests="0" failures="0" time="0">
  </testsuite>
  <testsuite name="Annoucement" timestamp="2016-03-30T05:21:30" tests="2" failures="0" time="0.131">
    <testcase name="Root Suite Annoucement Tests saving announcement" time="0.003" classname="Tests saving announcement">
    </testcase>
    <testcase name="Root Suite Annoucement Tests getting announcement" time="0.128" classname="Tests getting announcement">
    </testcase>
  </testsuite>
  <testsuite name="Join community" timestamp="2016-03-30T05:21:30" tests="4" failures="0" time="0.109">
    <testcase name="Root Suite Join community Test new user" time="0.001" classname="Test new user">
    </testcase>
    <testcase name="Root Suite Join community Test adding user" time="0.004" classname="Test adding user">
    </testcase>
    <testcase name="Root Suite Join community Test existed user, password correct" time="0.104" classname="Test existed user, password correct">
    </testcase>
    <testcase name="Root Suite Join community Test existed user, password not correct" time="0" classname="Test existed user, password not correct">
    </testcase>
  </testsuite>
  <testsuite name="Private Chat" timestamp="2016-03-30T05:21:30" tests="2" failures="0" time="0.101">
    <testcase name="Root Suite Private Chat Test saving private messeges " time="0.001" classname="Test saving private messeges ">
    </testcase>
    <testcase name="Root Suite Private Chat Test getting private messeges " time="0.1" classname="Test getting private messeges ">
    </testcase>
  </testsuite>
  <testsuite name="Public Chat" timestamp="2016-03-30T05:21:30" tests="2" failures="0" time="0.1">
    <testcase name="Root Suite Public Chat Tests saving public messages" time="0.001" classname="Tests saving public messages">
    </testcase>
    <testcase name="Root Suite Public Chat Tests getting public messages" time="0.099" classname="Tests getting public messages">
    </testcase>
  </testsuite>
  <testsuite name="Search Infomation" timestamp="2016-03-30T05:21:30" tests="10" failures="0" time="0.010000000000000002">
    <testcase name="Root Suite Search Infomation Test searching users" time="0.001" classname="Test searching users">
    </testcase>
    <testcase name="Root Suite Search Infomation Test fail searching users" time="0.002" classname="Test fail searching users">
    </testcase>
    <testcase name="Root Suite Search Infomation Test searching status" time="0.001" classname="Test searching status">
    </testcase>
    <testcase name="Root Suite Search Infomation Test fail searching status" time="0.001" classname="Test fail searching status">
    </testcase>
    <testcase name="Root Suite Search Infomation Test searching annoucements" time="0.001" classname="Test searching annoucements">
    </testcase>
    <testcase name="Root Suite Search Infomation Test fail searching annoucements" time="0.001" classname="Test fail searching annoucements">
    </testcase>
    <testcase name="Root Suite Search Infomation Test searching public messages" time="0.001" classname="Test searching public messages">
    </testcase>
    <testcase name="Root Suite Search Infomation Test fail searching public messages" time="0" classname="Test fail searching public messages">
    </testcase>
    <testcase name="Root Suite Search Infomation Test searching private messages" time="0.001" classname="Test searching private messages">
    </testcase>
    <testcase name="Root Suite Search Infomation Test fail searching private messages" time="0.001" classname="Test fail searching private messages">
    </testcase>
  </testsuite>
  <testsuite name="Set Status" timestamp="2016-03-30T05:21:30" tests="2" failures="0" time="0.106">
    <testcase name="Root Suite Set Status Test setting status" time="0.105" classname="Test setting status">
    </testcase>
    <testcase name="Root Suite Set Status Test getting status" time="0.001" classname="Test getting status">
    </testcase>
  </testsuite>
</testsuites>