{"/home/jshen130/Documents/cmu_ms_se/spring16/foundations-of-software-engineering/ssnoc/GruntFile.js":{"path":"/home/jshen130/Documents/cmu_ms_se/spring16/foundations-of-software-engineering/ssnoc/GruntFile.js","s":{"1":1,"2":1,"3":1,"4":1,"5":1,"6":1,"7":1,"8":1},"b":{},"f":{"1":1},"fnMap":{"1":{"name":"(anonymous_1)","line":1,"loc":{"start":{"line":1,"column":17},"end":{"line":1,"column":32}}}},"statementMap":{"1":{"start":{"line":1,"column":0},"end":{"line":50,"column":2}},"2":{"start":{"line":2,"column":4},"end":{"line":37,"column":7}},"3":{"start":{"line":39,"column":4},"end":{"line":39,"column":43}},"4":{"start":{"line":40,"column":4},"end":{"line":40,"column":47}},"5":{"start":{"line":42,"column":4},"end":{"line":42,"column":38}},"6":{"start":{"line":44,"column":4},"end":{"line":44,"column":51}},"7":{"start":{"line":46,"column":4},"end":{"line":46,"column":77}},"8":{"start":{"line":48,"column":4},"end":{"line":48,"column":54}}},"branchMap":{}}}