TN:
SF:/Users/Meng/Documents/FSE/S16-SV4-SSNoC/server.js
FN:58,(anonymous_1)
FNF:1
FNH:0
FNDA:0,(anonymous_1)
DA:2,1
DA:3,1
DA:4,1
DA:5,1
DA:8,1
DA:9,1
DA:10,1
DA:13,1
DA:14,1
DA:16,1
DA:17,1
DA:19,1
DA:22,1
DA:23,1
DA:25,1
DA:26,1
DA:27,1
DA:28,1
DA:29,1
DA:30,1
DA:31,1
DA:32,1
DA:34,1
DA:35,1
DA:36,1
DA:39,1
DA:40,1
DA:41,1
DA:44,1
DA:45,1
DA:46,1
DA:57,1
DA:58,1
DA:59,0
DA:62,1
LF:35
LH:34
BRF:0
BRH:0
end_of_record
TN:
SF:/Users/Meng/Documents/FSE/S16-SV4-SSNoC/routes.js
FN:1,(anonymous_1)
FN:10,(anonymous_2)
FN:18,(anonymous_3)
FN:30,(anonymous_4)
FN:34,callback
FN:45,(anonymous_6)
FN:49,callback
FN:60,(anonymous_8)
FN:64,(anonymous_9)
FN:73,(anonymous_10)
FN:84,(anonymous_11)
FN:95,(anonymous_12)
FN:103,(anonymous_13)
FN:110,(anonymous_14)
FN:112,callback
FN:119,(anonymous_16)
FN:120,callback
FN:127,(anonymous_18)
FN:132,(anonymous_19)
FN:136,(anonymous_20)
FN:146,(anonymous_21)
FN:150,callback
FN:161,(anonymous_23)
FN:165,(anonymous_24)
FN:174,(anonymous_25)
FN:187,(anonymous_26)
FN:196,(anonymous_27)
FN:212,callback
FN:225,(anonymous_29)
FN:242,(anonymous_30)
FN:247,callback
FN:263,(anonymous_32)
FN:267,callback
FN:279,(anonymous_34)
FN:283,nonStop
FN:287,error
FN:288,errorcall
FN:304,noempty
FN:311,usercall
FN:328,statuscall
FN:340,msgcall
FN:385,(anonymous_42)
FNF:42
FNH:1
FNDA:1,(anonymous_1)
FNDA:0,(anonymous_2)
FNDA:0,(anonymous_3)
FNDA:0,(anonymous_4)
FNDA:0,callback
FNDA:0,(anonymous_6)
FNDA:0,callback
FNDA:0,(anonymous_8)
FNDA:0,(anonymous_9)
FNDA:0,(anonymous_10)
FNDA:0,(anonymous_11)
FNDA:0,(anonymous_12)
FNDA:0,(anonymous_13)
FNDA:0,(anonymous_14)
FNDA:0,callback
FNDA:0,(anonymous_16)
FNDA:0,callback
FNDA:0,(anonymous_18)
FNDA:0,(anonymous_19)
FNDA:0,(anonymous_20)
FNDA:0,(anonymous_21)
FNDA:0,callback
FNDA:0,(anonymous_23)
FNDA:0,(anonymous_24)
FNDA:0,(anonymous_25)
FNDA:0,(anonymous_26)
FNDA:0,(anonymous_27)
FNDA:0,callback
FNDA:0,(anonymous_29)
FNDA:0,(anonymous_30)
FNDA:0,callback
FNDA:0,(anonymous_32)
FNDA:0,callback
FNDA:0,(anonymous_34)
FNDA:0,nonStop
FNDA:0,error
FNDA:0,errorcall
FNDA:0,noempty
FNDA:0,usercall
FNDA:0,statuscall
FNDA:0,msgcall
FNDA:0,(anonymous_42)
DA:1,1
DA:3,1
DA:4,1
DA:5,1
DA:7,1
DA:10,1
DA:11,0
DA:12,0
DA:14,0
DA:18,1
DA:19,0
DA:20,0
DA:21,0
DA:22,0
DA:24,0
DA:25,0
DA:30,1
DA:31,0
DA:32,0
DA:33,0
DA:34,1
DA:35,0
DA:36,0
DA:37,0
DA:39,0
DA:41,0
DA:45,1
DA:46,0
DA:47,0
DA:49,1
DA:50,0
DA:51,0
DA:52,0
DA:54,0
DA:55,0
DA:60,1
DA:61,0
DA:62,0
DA:63,0
DA:64,0
DA:65,0
DA:66,0
DA:69,0
DA:73,1
DA:74,0
DA:75,0
DA:76,0
DA:77,0
DA:78,0
DA:81,0
DA:84,1
DA:85,0
DA:86,0
DA:87,0
DA:88,0
DA:90,0
DA:95,1
DA:97,0
DA:99,0
DA:103,1
DA:105,0
DA:106,0
DA:110,1
DA:112,1
DA:113,0
DA:114,0
DA:116,0
DA:119,1
DA:120,1
DA:121,0
DA:122,0
DA:124,0
DA:127,1
DA:128,0
DA:132,1
DA:133,0
DA:134,0
DA:135,0
DA:136,0
DA:137,0
DA:138,0
DA:141,0
DA:146,1
DA:147,0
DA:148,0
DA:150,1
DA:151,0
DA:152,0
DA:153,0
DA:155,0
DA:161,1
DA:162,0
DA:163,0
DA:164,0
DA:165,0
DA:166,0
DA:167,0
DA:170,0
DA:174,1
DA:175,0
DA:176,0
DA:177,0
DA:178,0
DA:179,0
DA:181,0
DA:187,1
DA:188,0
DA:189,0
DA:190,0
DA:191,0
DA:196,1
DA:197,0
DA:198,0
DA:200,0
DA:201,0
DA:202,0
DA:203,0
DA:204,0
DA:205,0
DA:206,0
DA:207,0
DA:208,0
DA:212,1
DA:213,0
DA:214,0
DA:215,0
DA:216,0
DA:217,0
DA:218,0
DA:219,0
DA:220,0
DA:221,0
DA:223,0
DA:224,0
DA:225,0
DA:226,0
DA:227,0
DA:228,0
DA:232,0
DA:237,0
DA:242,1
DA:243,0
DA:244,0
DA:246,0
DA:247,1
DA:248,0
DA:249,0
DA:250,0
DA:252,0
DA:253,0
DA:254,0
DA:257,0
DA:263,1
DA:264,0
DA:265,0
DA:266,0
DA:267,1
DA:268,0
DA:269,0
DA:270,0
DA:271,0
DA:273,0
DA:275,0
DA:279,1
DA:280,0
DA:281,0
DA:283,1
DA:284,0
DA:287,1
DA:288,1
DA:289,0
DA:290,0
DA:291,0
DA:292,0
DA:293,0
DA:294,0
DA:296,0
DA:299,0
DA:300,0
DA:302,0
DA:303,0
DA:304,1
DA:305,0
DA:307,0
DA:308,0
DA:309,0
DA:311,1
DA:312,0
DA:313,0
DA:314,0
DA:315,0
DA:317,0
DA:320,0
DA:323,0
DA:324,0
DA:325,0
DA:326,0
DA:328,1
DA:329,0
DA:330,0
DA:331,0
DA:332,0
DA:334,0
DA:337,0
DA:339,0
DA:340,1
DA:341,0
DA:342,0
DA:343,0
DA:344,0
DA:346,0
DA:350,0
DA:351,0
DA:352,0
DA:353,0
DA:355,0
DA:356,0
DA:359,0
DA:360,0
DA:361,0
DA:362,0
DA:364,0
DA:365,0
DA:369,0
DA:370,0
DA:371,0
DA:373,0
DA:374,0
DA:379,0
DA:385,1
DA:386,0
DA:387,0
DA:388,0
DA:389,0
LF:234
LH:42
BRDA:11,1,0,0
BRDA:11,1,1,0
BRDA:19,2,0,0
BRDA:19,2,1,0
BRDA:21,3,0,0
BRDA:21,3,1,0
BRDA:31,4,0,0
BRDA:31,4,1,0
BRDA:33,5,0,0
BRDA:33,5,1,0
BRDA:46,6,0,0
BRDA:46,6,1,0
BRDA:61,7,0,0
BRDA:61,7,1,0
BRDA:63,8,0,0
BRDA:63,8,1,0
BRDA:74,9,0,0
BRDA:74,9,1,0
BRDA:76,10,0,0
BRDA:76,10,1,0
BRDA:87,11,0,0
BRDA:87,11,1,0
BRDA:113,12,0,0
BRDA:113,12,1,0
BRDA:121,13,0,0
BRDA:121,13,1,0
BRDA:133,14,0,0
BRDA:133,14,1,0
BRDA:135,15,0,0
BRDA:135,15,1,0
BRDA:147,16,0,0
BRDA:147,16,1,0
BRDA:162,17,0,0
BRDA:162,17,1,0
BRDA:164,18,0,0
BRDA:164,18,1,0
BRDA:175,19,0,0
BRDA:175,19,1,0
BRDA:177,20,0,0
BRDA:177,20,1,0
BRDA:197,21,0,0
BRDA:197,21,1,0
BRDA:203,22,0,0
BRDA:203,22,1,0
BRDA:213,23,0,0
BRDA:213,23,1,0
BRDA:217,24,0,0
BRDA:217,24,1,0
BRDA:223,25,0,0
BRDA:223,25,1,0
BRDA:224,26,0,0
BRDA:224,26,1,0
BRDA:243,27,0,0
BRDA:243,27,1,0
BRDA:248,28,0,0
BRDA:248,28,1,0
BRDA:264,29,0,0
BRDA:264,29,1,0
BRDA:266,30,0,0
BRDA:266,30,1,0
BRDA:280,31,0,0
BRDA:280,31,1,0
BRDA:284,32,0,0
BRDA:284,32,1,0
BRDA:302,33,0,0
BRDA:302,33,1,0
BRDA:308,34,0,0
BRDA:308,34,1,0
BRDA:312,35,0,0
BRDA:312,35,1,0
BRDA:323,36,0,0
BRDA:323,36,1,0
BRDA:325,37,0,0
BRDA:325,37,1,0
BRDA:329,38,0,0
BRDA:329,38,1,0
BRDA:339,39,0,0
BRDA:339,39,1,0
BRDA:339,40,0,0
BRDA:339,40,1,0
BRDA:339,40,2,0
BRDA:341,41,0,0
BRDA:341,41,1,0
BRDA:350,42,0,0
BRDA:350,42,1,0
BRDA:352,43,0,0
BRDA:352,43,1,0
BRDA:359,44,0,0
BRDA:359,44,1,0
BRDA:361,45,0,0
BRDA:361,45,1,0
BRDA:370,46,0,0
BRDA:370,46,1,0
BRDA:370,47,0,0
BRDA:370,47,1,0
BRF:95
BRH:0
end_of_record
TN:
SF:/Users/Meng/Documents/FSE/S16-SV4-SSNoC/database.js
FN:4,database
FN:10,(anonymous_2)
FN:40,(anonymous_3)
FN:42,(anonymous_4)
FN:59,(anonymous_5)
FN:61,(anonymous_6)
FN:74,(anonymous_7)
FN:78,(anonymous_8)
FN:80,(anonymous_9)
FN:87,(anonymous_10)
FN:89,(anonymous_11)
FN:98,(anonymous_12)
FN:100,(anonymous_13)
FN:109,(anonymous_14)
FN:115,(anonymous_15)
FN:121,(anonymous_16)
FN:123,(anonymous_17)
FN:131,(anonymous_18)
FN:137,(anonymous_19)
FN:139,(anonymous_20)
FN:148,(anonymous_21)
FN:152,(anonymous_22)
FN:155,(anonymous_23)
FN:159,extract
FN:169,(anonymous_25)
FN:171,(anonymous_26)
FN:181,(anonymous_27)
FN:183,(anonymous_28)
FN:192,(anonymous_29)
FN:194,(anonymous_30)
FN:201,(anonymous_31)
FN:203,(anonymous_32)
FN:210,(anonymous_33)
FN:212,(anonymous_34)
FN:220,(anonymous_35)
FN:222,(anonymous_36)
FN:229,(anonymous_37)
FN:231,(anonymous_38)
FNF:38
FNH:28
FNDA:8,database
FNDA:9,(anonymous_2)
FNDA:3,(anonymous_3)
FNDA:3,(anonymous_4)
FNDA:0,(anonymous_5)
FNDA:0,(anonymous_6)
FNDA:1,(anonymous_7)
FNDA:1,(anonymous_8)
FNDA:1,(anonymous_9)
FNDA:1,(anonymous_10)
FNDA:1,(anonymous_11)
FNDA:0,(anonymous_12)
FNDA:0,(anonymous_13)
FNDA:1,(anonymous_14)
FNDA:0,(anonymous_15)
FNDA:1,(anonymous_16)
FNDA:1,(anonymous_17)
FNDA:1,(anonymous_18)
FNDA:1,(anonymous_19)
FNDA:1,(anonymous_20)
FNDA:1,(anonymous_21)
FNDA:0,(anonymous_22)
FNDA:0,(anonymous_23)
FNDA:0,extract
FNDA:1,(anonymous_25)
FNDA:1,(anonymous_26)
FNDA:0,(anonymous_27)
FNDA:0,(anonymous_28)
FNDA:2,(anonymous_29)
FNDA:2,(anonymous_30)
FNDA:2,(anonymous_31)
FNDA:2,(anonymous_32)
FNDA:2,(anonymous_33)
FNDA:2,(anonymous_34)
FNDA:2,(anonymous_35)
FNDA:2,(anonymous_36)
FNDA:2,(anonymous_37)
FNDA:2,(anonymous_38)
DA:1,1
DA:2,1
DA:4,1
DA:5,8
DA:10,1
DA:11,9
DA:12,0
DA:15,9
DA:21,9
DA:26,9
DA:33,9
DA:41,3
DA:42,3
DA:43,3
DA:44,0
DA:45,3
DA:46,2
DA:47,1
DA:48,1
DA:50,1
DA:51,1
DA:54,1
DA:55,1
DA:60,0
DA:61,0
DA:62,0
DA:63,0
DA:65,0
DA:66,0
DA:75,1
DA:79,1
DA:80,1
DA:81,1
DA:82,0
DA:83,1
DA:88,1
DA:89,1
DA:91,1
DA:92,0
DA:94,1
DA:99,0
DA:100,0
DA:101,0
DA:102,0
DA:104,0
DA:110,1
DA:111,1
DA:116,0
DA:117,0
DA:122,1
DA:123,1
DA:124,1
DA:125,0
DA:127,1
DA:132,1
DA:133,1
DA:138,1
DA:139,1
DA:141,1
DA:142,0
DA:144,1
DA:149,1
DA:153,0
DA:154,0
DA:155,0
DA:156,0
DA:157,0
DA:159,1
DA:160,0
DA:162,0
DA:163,0
DA:164,0
DA:171,1
DA:172,1
DA:173,1
DA:174,1
DA:176,0
DA:183,0
DA:184,0
DA:193,2
DA:194,2
DA:195,2
DA:196,0
DA:197,2
DA:202,2
DA:203,2
DA:204,2
DA:205,0
DA:206,2
DA:211,2
DA:212,2
DA:213,2
DA:214,0
DA:215,2
DA:221,2
DA:222,2
DA:223,2
DA:224,0
DA:225,2
DA:230,2
DA:231,2
DA:232,2
DA:233,0
DA:234,2
LF:104
LH:68
BRDA:11,1,0,0
BRDA:11,1,1,9
BRDA:43,2,0,0
BRDA:43,2,1,3
BRDA:45,3,0,2
BRDA:45,3,1,1
BRDA:46,4,0,1
BRDA:46,4,1,1
BRDA:62,5,0,0
BRDA:62,5,1,0
BRDA:81,6,0,0
BRDA:81,6,1,1
BRDA:91,7,0,0
BRDA:91,7,1,1
BRDA:101,8,0,0
BRDA:101,8,1,0
BRDA:124,9,0,0
BRDA:124,9,1,1
BRDA:141,10,0,0
BRDA:141,10,1,1
BRDA:156,11,0,0
BRDA:156,11,1,0
BRDA:173,12,0,1
BRDA:173,12,1,0
BRDA:195,13,0,0
BRDA:195,13,1,2
BRDA:204,14,0,0
BRDA:204,14,1,2
BRDA:213,15,0,0
BRDA:213,15,1,2
BRDA:223,16,0,0
BRDA:223,16,1,2
BRDA:232,17,0,0
BRDA:232,17,1,2
BRF:34
BRH:16
end_of_record
TN:
SF:/Users/Meng/Documents/FSE/S16-SV4-SSNoC/models/database.js
FN:4,database
FN:9,(anonymous_2)
FNF:2
FNH:1
FNDA:1,database
FNDA:0,(anonymous_2)
DA:1,1
DA:2,1
DA:4,1
DA:5,1
DA:9,1
DA:10,0
DA:11,0
DA:12,0
DA:15,0
DA:20,0
DA:25,0
DA:31,0
DA:37,1
LF:13
LH:6
BRDA:10,1,0,0
BRDA:10,1,1,0
BRF:2
BRH:0
end_of_record
TN:
SF:/Users/Meng/Documents/FSE/S16-SV4-SSNoC/models/announce.js
FN:3,Annoucement
FN:11,(anonymous_2)
FN:13,(anonymous_3)
FN:22,(anonymous_4)
FNF:4
FNH:1
FNDA:1,Annoucement
FNDA:0,(anonymous_2)
FNDA:0,(anonymous_3)
FNDA:0,(anonymous_4)
DA:1,1
DA:3,1
DA:4,1
DA:8,1
DA:11,1
DA:12,0
DA:13,0
DA:14,0
DA:15,0
DA:17,0
DA:22,1
DA:23,0
DA:24,0
DA:27,1
LF:14
LH:7
BRDA:14,1,0,0
BRDA:14,1,1,0
BRF:2
BRH:0
end_of_record
TN:
SF:/Users/Meng/Documents/FSE/S16-SV4-SSNoC/models/status.js
FN:2,Status
FN:9,(anonymous_2)
FNF:2
FNH:1
FNDA:1,Status
FNDA:0,(anonymous_2)
DA:2,1
DA:3,1
DA:6,1
DA:9,1
DA:10,0
LF:5
LH:4
BRF:0
BRH:0
end_of_record
TN:
SF:/Users/Meng/Documents/FSE/S16-SV4-SSNoC/models/users.js
FN:5,User
FN:12,(anonymous_2)
FN:18,(anonymous_3)
FN:20,(anonymous_4)
FN:29,(anonymous_5)
FN:36,(anonymous_6)
FN:39,(anonymous_7)
FNF:7
FNH:1
FNDA:2,User
FNDA:0,(anonymous_2)
FNDA:0,(anonymous_3)
FNDA:0,(anonymous_4)
FNDA:0,(anonymous_5)
FNDA:0,(anonymous_6)
FNDA:0,(anonymous_7)
DA:1,1
DA:5,1
DA:6,2
DA:9,1
DA:12,1
DA:13,0
DA:14,0
DA:18,1
DA:19,0
DA:20,0
DA:21,0
DA:22,0
DA:23,0
DA:24,0
DA:29,1
DA:30,0
DA:32,0
DA:36,1
DA:37,0
DA:38,0
DA:39,0
DA:40,0
DA:41,0
DA:42,0
DA:43,0
DA:44,0
DA:45,0
DA:47,0
DA:48,0
DA:51,0
DA:52,0
DA:56,1
LF:32
LH:9
BRDA:21,1,0,0
BRDA:21,1,1,0
BRDA:40,2,0,0
BRDA:40,2,1,0
BRDA:42,3,0,0
BRDA:42,3,1,0
BRDA:43,4,0,0
BRDA:43,4,1,0
BRF:8
BRH:0
end_of_record
TN:
SF:/Users/Meng/Documents/FSE/S16-SV4-SSNoC/models/messages.js
FN:4,Message
FN:11,(anonymous_2)
FN:19,(anonymous_3)
FN:21,(anonymous_4)
FN:29,(anonymous_5)
FN:31,(anonymous_6)
FN:43,(anonymous_7)
FNF:7
FNH:1
FNDA:1,Message
FNDA:0,(anonymous_2)
FNDA:0,(anonymous_3)
FNDA:0,(anonymous_4)
FNDA:0,(anonymous_5)
FNDA:0,(anonymous_6)
FNDA:0,(anonymous_7)
DA:1,1
DA:4,1
DA:5,1
DA:8,1
DA:11,1
DA:12,0
DA:15,0
DA:19,1
DA:20,0
DA:21,0
DA:22,0
DA:23,0
DA:29,1
DA:30,0
DA:31,0
DA:33,0
DA:34,0
DA:37,0
DA:43,1
DA:44,0
DA:46,0
DA:53,1
LF:22
LH:9
BRDA:22,1,0,0
BRDA:22,1,1,0
BRDA:33,2,0,0
BRDA:33,2,1,0
BRF:4
BRH:0
end_of_record
TN:
SF:/Users/Meng/Documents/FSE/S16-SV4-SSNoC/socket.js
FN:2,(anonymous_1)
FN:9,(anonymous_2)
FN:13,(anonymous_3)
FN:27,(anonymous_4)
FN:32,callback
FN:45,(anonymous_6)
FN:49,(anonymous_7)
FN:55,(anonymous_8)
FN:60,(anonymous_9)
FN:65,(anonymous_10)
FN:71,(anonymous_11)
FN:73,(anonymous_12)
FN:77,(anonymous_13)
FN:84,(anonymous_14)
FN:86,(anonymous_15)
FN:99,(anonymous_16)
FNF:16
FNH:1
FNDA:1,(anonymous_1)
FNDA:0,(anonymous_2)
FNDA:0,(anonymous_3)
FNDA:0,(anonymous_4)
FNDA:0,callback
FNDA:0,(anonymous_6)
FNDA:0,(anonymous_7)
FNDA:0,(anonymous_8)
FNDA:0,(anonymous_9)
FNDA:0,(anonymous_10)
FNDA:0,(anonymous_11)
FNDA:0,(anonymous_12)
FNDA:0,(anonymous_13)
FNDA:0,(anonymous_14)
FNDA:0,(anonymous_15)
FNDA:0,(anonymous_16)
DA:1,1
DA:2,1
DA:8,1
DA:9,1
DA:13,0
DA:14,0
DA:15,0
DA:16,0
DA:17,0
DA:19,0
DA:20,0
DA:21,0
DA:24,0
DA:27,0
DA:29,0
DA:30,0
DA:32,1
DA:33,0
DA:35,0
DA:36,0
DA:40,0
DA:45,0
DA:48,0
DA:49,0
DA:55,0
DA:56,0
DA:60,0
DA:61,0
DA:62,0
DA:63,0
DA:64,0
DA:65,0
DA:71,0
DA:72,0
DA:73,0
DA:77,0
DA:78,0
DA:84,1
DA:86,0
DA:87,0
DA:88,0
DA:89,0
DA:90,0
DA:91,0
DA:99,1
DA:100,0
DA:101,0
DA:102,0
DA:103,0
LF:49
LH:7
BRDA:14,1,0,0
BRDA:14,1,1,0
BRDA:62,2,0,0
BRDA:62,2,1,0
BRDA:87,3,0,0
BRDA:87,3,1,0
BRDA:89,4,0,0
BRDA:89,4,1,0
BRF:8
BRH:0
end_of_record
TN:
SF:/Users/Meng/Documents/FSE/S16-SV4-SSNoC/api.js
FN:1,(anonymous_1)
FN:6,(anonymous_2)
FN:9,callback
FN:15,(anonymous_4)
FN:29,(anonymous_5)
FN:30,callback
FN:37,(anonymous_7)
FN:38,callback
FN:55,(anonymous_9)
FN:59,verify
FN:60,call
FN:75,(anonymous_12)
FN:76,callback
FN:83,(anonymous_14)
FN:84,verify
FN:85,callback
FN:98,(anonymous_17)
FN:103,verify
FN:104,again
FN:106,(anonymous_20)
FN:124,(anonymous_21)
FN:127,verify
FN:128,again
FN:130,(anonymous_24)
FN:148,(anonymous_25)
FN:150,verify
FN:151,sendback
FN:164,(anonymous_28)
FN:167,call
FN:174,(anonymous_30)
FN:175,call
FN:182,nonStop
FN:187,(anonymous_33)
FN:188,noempty
FN:191,searchcall
FN:203,(anonymous_36)
FN:210,searchcall
FN:221,(anonymous_38)
FN:222,searchcall
FN:235,(anonymous_40)
FN:236,searchcall
FN:249,(anonymous_42)
FN:250,searchcall
FN:260,verify
FN:261,again
FNF:45
FNH:1
FNDA:1,(anonymous_1)
FNDA:0,(anonymous_2)
FNDA:0,callback
FNDA:0,(anonymous_4)
FNDA:0,(anonymous_5)
FNDA:0,callback
FNDA:0,(anonymous_7)
FNDA:0,callback
FNDA:0,(anonymous_9)
FNDA:0,verify
FNDA:0,call
FNDA:0,(anonymous_12)
FNDA:0,callback
FNDA:0,(anonymous_14)
FNDA:0,verify
FNDA:0,callback
FNDA:0,(anonymous_17)
FNDA:0,verify
FNDA:0,again
FNDA:0,(anonymous_20)
FNDA:0,(anonymous_21)
FNDA:0,verify
FNDA:0,again
FNDA:0,(anonymous_24)
FNDA:0,(anonymous_25)
FNDA:0,verify
FNDA:0,sendback
FNDA:0,(anonymous_28)
FNDA:0,call
FNDA:0,(anonymous_30)
FNDA:0,call
FNDA:0,nonStop
FNDA:0,(anonymous_33)
FNDA:0,noempty
FNDA:0,searchcall
FNDA:0,(anonymous_36)
FNDA:0,searchcall
FNDA:0,(anonymous_38)
FNDA:0,searchcall
FNDA:0,(anonymous_40)
FNDA:0,searchcall
FNDA:0,(anonymous_42)
FNDA:0,searchcall
FNDA:0,verify
FNDA:0,again
DA:1,1
DA:2,1
DA:3,1
DA:6,1
DA:7,0
DA:8,0
DA:9,1
DA:10,0
DA:11,0
DA:12,0
DA:13,0
DA:14,0
DA:15,0
DA:16,0
DA:19,0
DA:21,0
DA:22,0
DA:24,0
DA:29,1
DA:30,1
DA:31,0
DA:33,0
DA:37,1
DA:38,1
DA:39,0
DA:40,0
DA:42,0
DA:45,0
DA:48,0
DA:49,0
DA:51,0
DA:55,1
DA:56,0
DA:57,0
DA:58,0
DA:59,1
DA:60,1
DA:61,0
DA:62,0
DA:65,0
DA:66,0
DA:68,0
DA:71,0
DA:75,1
DA:76,1
DA:77,0
DA:79,0
DA:83,1
DA:84,1
DA:85,1
DA:86,0
DA:88,0
DA:89,0
DA:91,0
DA:94,0
DA:98,1
DA:99,0
DA:100,0
DA:101,0
DA:102,0
DA:103,1
DA:104,1
DA:105,0
DA:106,0
DA:107,0
DA:108,0
DA:111,0
DA:114,0
DA:115,0
DA:117,0
DA:120,0
DA:124,1
DA:125,0
DA:126,0
DA:127,1
DA:128,1
DA:129,0
DA:130,0
DA:131,0
DA:134,0
DA:137,0
DA:138,0
DA:140,0
DA:143,0
DA:148,1
DA:149,0
DA:150,1
DA:151,1
DA:152,0
DA:154,0
DA:155,0
DA:157,0
DA:160,0
DA:164,1
DA:165,0
DA:166,0
DA:167,1
DA:168,0
DA:170,0
DA:174,1
DA:175,1
DA:176,0
DA:178,0
DA:182,1
DA:183,0
DA:187,1
DA:188,1
DA:189,0
DA:191,1
DA:192,0
DA:193,0
DA:195,0
DA:198,0
DA:199,0
DA:203,1
DA:204,0
DA:207,0
DA:208,0
DA:210,1
DA:211,0
DA:212,0
DA:214,0
DA:217,0
DA:221,1
DA:222,1
DA:223,0
DA:224,0
DA:226,0
DA:229,0
DA:230,0
DA:235,1
DA:236,1
DA:237,0
DA:238,0
DA:240,0
DA:243,0
DA:244,0
DA:249,1
DA:250,1
DA:251,0
DA:252,0
DA:254,0
DA:257,0
DA:258,0
DA:259,0
DA:260,1
DA:261,1
DA:262,0
DA:263,0
DA:265,0
DA:268,0
DA:269,0
DA:271,0
DA:274,0
LF:154
LH:44
BRDA:10,1,0,0
BRDA:10,1,1,0
BRDA:12,2,0,0
BRDA:12,2,1,0
BRDA:14,3,0,0
BRDA:14,3,1,0
BRDA:21,4,0,0
BRDA:21,4,1,0
BRDA:39,5,0,0
BRDA:39,5,1,0
BRDA:45,6,0,0
BRDA:45,6,1,0
BRDA:45,7,0,0
BRDA:45,7,1,0
BRDA:45,7,2,0
BRDA:61,8,0,0
BRDA:61,8,1,0
BRDA:65,9,0,0
BRDA:65,9,1,0
BRDA:88,10,0,0
BRDA:88,10,1,0
BRDA:105,11,0,0
BRDA:105,11,1,0
BRDA:107,12,0,0
BRDA:107,12,1,0
BRDA:114,13,0,0
BRDA:114,13,1,0
BRDA:129,14,0,0
BRDA:129,14,1,0
BRDA:137,15,0,0
BRDA:137,15,1,0
BRDA:154,16,0,0
BRDA:154,16,1,0
BRDA:183,17,0,0
BRDA:183,17,1,0
BRDA:192,18,0,0
BRDA:192,18,1,0
BRDA:204,19,0,0
BRDA:204,19,1,0
BRDA:204,20,0,0
BRDA:204,20,1,0
BRDA:204,20,2,0
BRDA:211,21,0,0
BRDA:211,21,1,0
BRDA:223,22,0,0
BRDA:223,22,1,0
BRDA:237,23,0,0
BRDA:237,23,1,0
BRDA:251,24,0,0
BRDA:251,24,1,0
BRDA:262,25,0,0
BRDA:262,25,1,0
BRDA:268,26,0,0
BRDA:268,26,1,0
BRF:54
BRH:0
end_of_record
